   1              		.cpu cortex-m1
   2              		.eabi_attribute 20, 1
   3              		.eabi_attribute 21, 1
   4              		.eabi_attribute 23, 3
   5              		.eabi_attribute 24, 1
   6              		.eabi_attribute 25, 1
   7              		.eabi_attribute 26, 1
   8              		.eabi_attribute 30, 6
   9              		.eabi_attribute 34, 0
  10              		.eabi_attribute 18, 4
  11              		.file	"gpio.c"
  12              		.text
  13              		.section	.bss.gpio0,"aw",%nobits
  14              		.align	2
  17              	gpio0:
  18 0000 00000000 		.space	16
  18      00000000 
  18      00000000 
  18      00000000 
  19              		.section	.data.config0,"aw"
  20              		.align	2
  23              	config0:
  24 0000 0000     		.short	0
  25 0002 0000     		.space	2
  26 0004 00000040 		.word	1073741824
  27 0008 00000000 		.word	0
  28 000c 00000000 		.word	0
  29              		.section	.rodata
  30              		.align	2
  31              	.LC2:
  32 0000 4572726F 		.ascii	"Error: XGpio_CfgInitialize %d\015\012\000"
  32      723A2058 
  32      4770696F 
  32      5F436667 
  32      496E6974 
  33              		.align	2
  34              	.LC4:
  35 0020 4572726F 		.ascii	"Error: XGpio_Initialize %d\015\012\000"
  35      723A2058 
  35      4770696F 
  35      5F496E69 
  35      7469616C 
  36 003d 000000   		.align	2
  37              	.LC6:
  38 0040 53756363 		.ascii	"Success: XGpio_Initialize\015\012\000"
  38      6573733A 
  38      20584770 
  38      696F5F49 
  38      6E697469 
  39              		.section	.text.gpioInit,"ax",%progbits
  40              		.align	1
  41              		.global	gpioInit
  42              		.arch armv6s-m
  43              		.syntax unified
  44              		.code	16
  45              		.thumb_func
  46              		.fpu softvfp
  48              	gpioInit:
  49              		@ args = 0, pretend = 0, frame = 8
  50              		@ frame_needed = 1, uses_anonymous_args = 0
  51 0000 80B5     		push	{r7, lr}
  52 0002 82B0     		sub	sp, sp, #8
  53 0004 00AF     		add	r7, sp, #0
  54 0006 1B4B     		ldr	r3, .L5
  55 0008 5A68     		ldr	r2, [r3, #4]
  56 000a 1A49     		ldr	r1, .L5
  57 000c 1A4B     		ldr	r3, .L5+4
  58 000e 1800     		movs	r0, r3
  59 0010 FFF7FEFF 		bl	XGpio_CfgInitialize
  60 0014 0300     		movs	r3, r0
  61 0016 7B60     		str	r3, [r7, #4]
  62 0018 7B68     		ldr	r3, [r7, #4]
  63 001a 002B     		cmp	r3, #0
  64 001c 07D0     		beq	.L2
  65 001e 7A68     		ldr	r2, [r7, #4]
  66 0020 164B     		ldr	r3, .L5+8
  67 0022 1100     		movs	r1, r2
  68 0024 1800     		movs	r0, r3
  69 0026 FFF7FEFF 		bl	xil_printf
  70 002a 0123     		movs	r3, #1
  71 002c 1DE0     		b	.L3
  72              	.L2:
  73 002e 124B     		ldr	r3, .L5+4
  74 0030 0021     		movs	r1, #0
  75 0032 1800     		movs	r0, r3
  76 0034 FFF7FEFF 		bl	XGpio_Initialize
  77 0038 0300     		movs	r3, r0
  78 003a 7B60     		str	r3, [r7, #4]
  79 003c 7B68     		ldr	r3, [r7, #4]
  80 003e 002B     		cmp	r3, #0
  81 0040 07D0     		beq	.L4
  82 0042 7A68     		ldr	r2, [r7, #4]
  83 0044 0E4B     		ldr	r3, .L5+12
  84 0046 1100     		movs	r1, r2
  85 0048 1800     		movs	r0, r3
  86 004a FFF7FEFF 		bl	xil_printf
  87 004e 0123     		movs	r3, #1
  88 0050 0BE0     		b	.L3
  89              	.L4:
  90 0052 0C4B     		ldr	r3, .L5+16
  91 0054 1800     		movs	r0, r3
  92 0056 FFF7FEFF 		bl	xil_printf
  93 005a 0123     		movs	r3, #1
  94 005c 5A42     		rsbs	r2, r3, #0
  95 005e 064B     		ldr	r3, .L5+4
  96 0060 0121     		movs	r1, #1
  97 0062 1800     		movs	r0, r3
  98 0064 FFF7FEFF 		bl	XGpio_SetDataDirection
  99 0068 0023     		movs	r3, #0
 100              	.L3:
 101 006a 1800     		movs	r0, r3
 102 006c BD46     		mov	sp, r7
 103 006e 02B0     		add	sp, sp, #8
 104              		@ sp needed
 105 0070 80BD     		pop	{r7, pc}
 106              	.L6:
 107 0072 C046     		.align	2
 108              	.L5:
 109 0074 00000000 		.word	config0
 110 0078 00000000 		.word	gpio0
 111 007c 00000000 		.word	.LC2
 112 0080 20000000 		.word	.LC4
 113 0084 40000000 		.word	.LC6
 115              		.section	.text.gpioRead,"ax",%progbits
 116              		.align	1
 117              		.global	gpioRead
 118              		.syntax unified
 119              		.code	16
 120              		.thumb_func
 121              		.fpu softvfp
 123              	gpioRead:
 124              		@ args = 0, pretend = 0, frame = 16
 125              		@ frame_needed = 1, uses_anonymous_args = 0
 126 0000 80B5     		push	{r7, lr}
 127 0002 84B0     		sub	sp, sp, #16
 128 0004 00AF     		add	r7, sp, #0
 129 0006 0200     		movs	r2, r0
 130 0008 FB1D     		adds	r3, r7, #7
 131 000a 1A70     		strb	r2, [r3]
 132 000c 0D4B     		ldr	r3, .L11
 133 000e 0121     		movs	r1, #1
 134 0010 1800     		movs	r0, r3
 135 0012 FFF7FEFF 		bl	XGpio_DiscreteRead
 136 0016 0300     		movs	r3, r0
 137 0018 FB60     		str	r3, [r7, #12]
 138 001a FB1D     		adds	r3, r7, #7
 139 001c 1B78     		ldrb	r3, [r3]
 140 001e 022B     		cmp	r3, #2
 141 0020 01D1     		bne	.L8
 142 0022 FB68     		ldr	r3, [r7, #12]
 143 0024 0AE0     		b	.L9
 144              	.L8:
 145 0026 FB1D     		adds	r3, r7, #7
 146 0028 1B78     		ldrb	r3, [r3]
 147 002a 012B     		cmp	r3, #1
 148 002c 04D1     		bne	.L10
 149 002e FB68     		ldr	r3, [r7, #12]
 150 0030 DB08     		lsrs	r3, r3, #3
 151 0032 0122     		movs	r2, #1
 152 0034 1340     		ands	r3, r2
 153 0036 01E0     		b	.L9
 154              	.L10:
 155 0038 0123     		movs	r3, #1
 156 003a 5B42     		rsbs	r3, r3, #0
 157              	.L9:
 158 003c 1800     		movs	r0, r3
 159 003e BD46     		mov	sp, r7
 160 0040 04B0     		add	sp, sp, #16
 161              		@ sp needed
 162 0042 80BD     		pop	{r7, pc}
 163              	.L12:
 164              		.align	2
 165              	.L11:
 166 0044 00000000 		.word	gpio0
 168              		.section	.text.gpioWrite,"ax",%progbits
 169              		.align	1
 170              		.global	gpioWrite
 171              		.syntax unified
 172              		.code	16
 173              		.thumb_func
 174              		.fpu softvfp
 176              	gpioWrite:
 177              		@ args = 0, pretend = 0, frame = 16
 178              		@ frame_needed = 1, uses_anonymous_args = 0
 179 0000 80B5     		push	{r7, lr}
 180 0002 84B0     		sub	sp, sp, #16
 181 0004 00AF     		add	r7, sp, #0
 182 0006 0200     		movs	r2, r0
 183 0008 3960     		str	r1, [r7]
 184 000a FB1D     		adds	r3, r7, #7
 185 000c 1A70     		strb	r2, [r3]
 186 000e 0220     		movs	r0, #2
 187 0010 FFF7FEFF 		bl	gpioRead
 188 0014 0300     		movs	r3, r0
 189 0016 FB60     		str	r3, [r7, #12]
 190 0018 FB68     		ldr	r3, [r7, #12]
 191 001a 1B02     		lsls	r3, r3, #8
 192 001c FB60     		str	r3, [r7, #12]
 193 001e FB1D     		adds	r3, r7, #7
 194 0020 1B78     		ldrb	r3, [r3]
 195 0022 032B     		cmp	r3, #3
 196 0024 19D0     		beq	.L19
 197 0026 1ADC     		bgt	.L20
 198 0028 012B     		cmp	r3, #1
 199 002a 02D0     		beq	.L16
 200 002c 022B     		cmp	r3, #2
 201 002e 0AD0     		beq	.L17
 202 0030 15E0     		b	.L20
 203              	.L16:
 204 0032 FB68     		ldr	r3, [r7, #12]
 205 0034 0F4A     		ldr	r2, .L21
 206 0036 1340     		ands	r3, r2
 207 0038 FB60     		str	r3, [r7, #12]
 208 003a 3B68     		ldr	r3, [r7]
 209 003c 1B02     		lsls	r3, r3, #8
 210 003e FA68     		ldr	r2, [r7, #12]
 211 0040 1343     		orrs	r3, r2
 212 0042 FB60     		str	r3, [r7, #12]
 213 0044 0CE0     		b	.L18
 214              	.L17:
 215 0046 FB68     		ldr	r3, [r7, #12]
 216 0048 0B4A     		ldr	r2, .L21+4
 217 004a 1340     		ands	r3, r2
 218 004c FB60     		str	r3, [r7, #12]
 219 004e 3B68     		ldr	r3, [r7]
 220 0050 1B03     		lsls	r3, r3, #12
 221 0052 FA68     		ldr	r2, [r7, #12]
 222 0054 1343     		orrs	r3, r2
 223 0056 FB60     		str	r3, [r7, #12]
 224 0058 02E0     		b	.L18
 225              	.L19:
 226 005a C046     		nop
 227 005c 00E0     		b	.L18
 228              	.L20:
 229 005e C046     		nop
 230              	.L18:
 231 0060 FA68     		ldr	r2, [r7, #12]
 232 0062 064B     		ldr	r3, .L21+8
 233 0064 0121     		movs	r1, #1
 234 0066 1800     		movs	r0, r3
 235 0068 FFF7FEFF 		bl	XGpio_DiscreteWrite
 236 006c C046     		nop
 237 006e BD46     		mov	sp, r7
 238 0070 04B0     		add	sp, sp, #16
 239              		@ sp needed
 240 0072 80BD     		pop	{r7, pc}
 241              	.L22:
 242              		.align	2
 243              	.L21:
 244 0074 FFFEFFFF 		.word	-257
 245 0078 FFCFFFFF 		.word	-12289
 246 007c 00000000 		.word	gpio0
 248              		.ident	"GCC: (GNU Tools for Arm Embedded Processors 9-2019-q4-major) 9.2.1 20191025 (release) [ARM
DEFINED SYMBOLS
                            *ABS*:00000000 gpio.c
C:\Users\jl241\AppData\Local\Temp\ccJagBgJ.s:14     .bss.gpio0:00000000 $d
C:\Users\jl241\AppData\Local\Temp\ccJagBgJ.s:17     .bss.gpio0:00000000 gpio0
C:\Users\jl241\AppData\Local\Temp\ccJagBgJ.s:20     .data.config0:00000000 $d
C:\Users\jl241\AppData\Local\Temp\ccJagBgJ.s:23     .data.config0:00000000 config0
C:\Users\jl241\AppData\Local\Temp\ccJagBgJ.s:30     .rodata:00000000 $d
C:\Users\jl241\AppData\Local\Temp\ccJagBgJ.s:40     .text.gpioInit:00000000 $t
C:\Users\jl241\AppData\Local\Temp\ccJagBgJ.s:48     .text.gpioInit:00000000 gpioInit
C:\Users\jl241\AppData\Local\Temp\ccJagBgJ.s:109    .text.gpioInit:00000074 $d
C:\Users\jl241\AppData\Local\Temp\ccJagBgJ.s:116    .text.gpioRead:00000000 $t
C:\Users\jl241\AppData\Local\Temp\ccJagBgJ.s:123    .text.gpioRead:00000000 gpioRead
C:\Users\jl241\AppData\Local\Temp\ccJagBgJ.s:166    .text.gpioRead:00000044 $d
C:\Users\jl241\AppData\Local\Temp\ccJagBgJ.s:169    .text.gpioWrite:00000000 $t
C:\Users\jl241\AppData\Local\Temp\ccJagBgJ.s:176    .text.gpioWrite:00000000 gpioWrite
C:\Users\jl241\AppData\Local\Temp\ccJagBgJ.s:244    .text.gpioWrite:00000074 $d

UNDEFINED SYMBOLS
XGpio_CfgInitialize
xil_printf
XGpio_Initialize
XGpio_SetDataDirection
XGpio_DiscreteRead
XGpio_DiscreteWrite
