   1              		.cpu cortex-m1
   2              		.eabi_attribute 20, 1
   3              		.eabi_attribute 21, 1
   4              		.eabi_attribute 23, 3
   5              		.eabi_attribute 24, 1
   6              		.eabi_attribute 25, 1
   7              		.eabi_attribute 26, 1
   8              		.eabi_attribute 30, 6
   9              		.eabi_attribute 34, 0
  10              		.eabi_attribute 18, 4
  11              		.file	"xuartlite_g.c"
  12              		.text
  13              		.global	XUartLite_ConfigTable
  14              		.section	.data.XUartLite_ConfigTable,"aw"
  15              		.align	2
  18              	XUartLite_ConfigTable:
  19 0000 0000     		.short	0
  20 0002 0000     		.space	2
  21 0004 00006040 		.word	1080033280
  22 0008 80250000 		.word	9600
  23 000c 00       		.byte	0
  24 000d 00       		.byte	0
  25 000e 08       		.byte	8
  26 000f 00       		.space	1
  27              		.ident	"GCC: (GNU Tools for Arm Embedded Processors 9-2019-q4-major) 9.2.1 20191025 (release) [ARM
DEFINED SYMBOLS
                            *ABS*:00000000 xuartlite_g.c
C:\Users\george\AppData\Local\Temp\ccyjHANT.s:18     .data.XUartLite_ConfigTable:00000000 XUartLite_ConfigTable
C:\Users\george\AppData\Local\Temp\ccyjHANT.s:15     .data.XUartLite_ConfigTable:00000000 $d

NO UNDEFINED SYMBOLS
