   1              		.cpu cortex-m1
   2              		.eabi_attribute 20, 1
   3              		.eabi_attribute 21, 1
   4              		.eabi_attribute 23, 3
   5              		.eabi_attribute 24, 1
   6              		.eabi_attribute 25, 1
   7              		.eabi_attribute 26, 1
   8              		.eabi_attribute 30, 6
   9              		.eabi_attribute 34, 0
  10              		.eabi_attribute 18, 4
  11              		.file	"xuartlite_l.c"
  12              		.text
  13              		.section	.text.Xil_In32,"ax",%progbits
  14              		.align	1
  15              		.arch armv6s-m
  16              		.syntax unified
  17              		.code	16
  18              		.thumb_func
  19              		.fpu softvfp
  21              	Xil_In32:
  22              		@ args = 0, pretend = 0, frame = 8
  23              		@ frame_needed = 1, uses_anonymous_args = 0
  24 0000 80B5     		push	{r7, lr}
  25 0002 82B0     		sub	sp, sp, #8
  26 0004 00AF     		add	r7, sp, #0
  27 0006 7860     		str	r0, [r7, #4]
  28 0008 7B68     		ldr	r3, [r7, #4]
  29 000a 1B68     		ldr	r3, [r3]
  30 000c 1800     		movs	r0, r3
  31 000e BD46     		mov	sp, r7
  32 0010 02B0     		add	sp, sp, #8
  33              		@ sp needed
  34 0012 80BD     		pop	{r7, pc}
  36              		.section	.text.Xil_Out32,"ax",%progbits
  37              		.align	1
  38              		.syntax unified
  39              		.code	16
  40              		.thumb_func
  41              		.fpu softvfp
  43              	Xil_Out32:
  44              		@ args = 0, pretend = 0, frame = 16
  45              		@ frame_needed = 1, uses_anonymous_args = 0
  46 0000 80B5     		push	{r7, lr}
  47 0002 84B0     		sub	sp, sp, #16
  48 0004 00AF     		add	r7, sp, #0
  49 0006 7860     		str	r0, [r7, #4]
  50 0008 3960     		str	r1, [r7]
  51 000a 7B68     		ldr	r3, [r7, #4]
  52 000c FB60     		str	r3, [r7, #12]
  53 000e FB68     		ldr	r3, [r7, #12]
  54 0010 3A68     		ldr	r2, [r7]
  55 0012 1A60     		str	r2, [r3]
  56 0014 C046     		nop
  57 0016 BD46     		mov	sp, r7
  58 0018 04B0     		add	sp, sp, #16
  59              		@ sp needed
  60 001a 80BD     		pop	{r7, pc}
  62              		.section	.text.XUartLite_SendByte,"ax",%progbits
  63              		.align	1
  64              		.global	XUartLite_SendByte
  65              		.syntax unified
  66              		.code	16
  67              		.thumb_func
  68              		.fpu softvfp
  70              	XUartLite_SendByte:
  71              		@ args = 0, pretend = 0, frame = 8
  72              		@ frame_needed = 1, uses_anonymous_args = 0
  73 0000 80B5     		push	{r7, lr}
  74 0002 82B0     		sub	sp, sp, #8
  75 0004 00AF     		add	r7, sp, #0
  76 0006 7860     		str	r0, [r7, #4]
  77 0008 0A00     		movs	r2, r1
  78 000a FB1C     		adds	r3, r7, #3
  79 000c 1A70     		strb	r2, [r3]
  80 000e C046     		nop
  81              	.L5:
  82 0010 7B68     		ldr	r3, [r7, #4]
  83 0012 0833     		adds	r3, r3, #8
  84 0014 1800     		movs	r0, r3
  85 0016 FFF7FEFF 		bl	Xil_In32
  86 001a 0300     		movs	r3, r0
  87 001c 0822     		movs	r2, #8
  88 001e 1340     		ands	r3, r2
  89 0020 082B     		cmp	r3, #8
  90 0022 F5D0     		beq	.L5
  91 0024 7B68     		ldr	r3, [r7, #4]
  92 0026 1A1D     		adds	r2, r3, #4
  93 0028 FB1C     		adds	r3, r7, #3
  94 002a 1B78     		ldrb	r3, [r3]
  95 002c 1900     		movs	r1, r3
  96 002e 1000     		movs	r0, r2
  97 0030 FFF7FEFF 		bl	Xil_Out32
  98 0034 C046     		nop
  99 0036 BD46     		mov	sp, r7
 100 0038 02B0     		add	sp, sp, #8
 101              		@ sp needed
 102 003a 80BD     		pop	{r7, pc}
 104              		.section	.text.XUartLite_RecvByte,"ax",%progbits
 105              		.align	1
 106              		.global	XUartLite_RecvByte
 107              		.syntax unified
 108              		.code	16
 109              		.thumb_func
 110              		.fpu softvfp
 112              	XUartLite_RecvByte:
 113              		@ args = 0, pretend = 0, frame = 8
 114              		@ frame_needed = 1, uses_anonymous_args = 0
 115 0000 80B5     		push	{r7, lr}
 116 0002 82B0     		sub	sp, sp, #8
 117 0004 00AF     		add	r7, sp, #0
 118 0006 7860     		str	r0, [r7, #4]
 119 0008 C046     		nop
 120              	.L7:
 121 000a 7B68     		ldr	r3, [r7, #4]
 122 000c 0833     		adds	r3, r3, #8
 123 000e 1800     		movs	r0, r3
 124 0010 FFF7FEFF 		bl	Xil_In32
 125 0014 0300     		movs	r3, r0
 126 0016 0122     		movs	r2, #1
 127 0018 1340     		ands	r3, r2
 128 001a 012B     		cmp	r3, #1
 129 001c F5D1     		bne	.L7
 130 001e 7B68     		ldr	r3, [r7, #4]
 131 0020 1800     		movs	r0, r3
 132 0022 FFF7FEFF 		bl	Xil_In32
 133 0026 0300     		movs	r3, r0
 134 0028 DBB2     		uxtb	r3, r3
 135 002a 1800     		movs	r0, r3
 136 002c BD46     		mov	sp, r7
 137 002e 02B0     		add	sp, sp, #8
 138              		@ sp needed
 139 0030 80BD     		pop	{r7, pc}
 141              		.ident	"GCC: (GNU Tools for Arm Embedded Processors 9-2019-q4-major) 9.2.1 20191025 (release) [ARM
DEFINED SYMBOLS
                            *ABS*:00000000 xuartlite_l.c
C:\Users\george\AppData\Local\Temp\ccKQRMqn.s:14     .text.Xil_In32:00000000 $t
C:\Users\george\AppData\Local\Temp\ccKQRMqn.s:21     .text.Xil_In32:00000000 Xil_In32
C:\Users\george\AppData\Local\Temp\ccKQRMqn.s:37     .text.Xil_Out32:00000000 $t
C:\Users\george\AppData\Local\Temp\ccKQRMqn.s:43     .text.Xil_Out32:00000000 Xil_Out32
C:\Users\george\AppData\Local\Temp\ccKQRMqn.s:63     .text.XUartLite_SendByte:00000000 $t
C:\Users\george\AppData\Local\Temp\ccKQRMqn.s:70     .text.XUartLite_SendByte:00000000 XUartLite_SendByte
C:\Users\george\AppData\Local\Temp\ccKQRMqn.s:105    .text.XUartLite_RecvByte:00000000 $t
C:\Users\george\AppData\Local\Temp\ccKQRMqn.s:112    .text.XUartLite_RecvByte:00000000 XUartLite_RecvByte

NO UNDEFINED SYMBOLS
