   1              		.cpu cortex-m1
   2              		.eabi_attribute 20, 1
   3              		.eabi_attribute 21, 1
   4              		.eabi_attribute 23, 3
   5              		.eabi_attribute 24, 1
   6              		.eabi_attribute 25, 1
   7              		.eabi_attribute 26, 1
   8              		.eabi_attribute 30, 6
   9              		.eabi_attribute 34, 0
  10              		.eabi_attribute 18, 4
  11              		.file	"xspi_sinit.c"
  12              		.text
  13              		.section	.text.XSpi_LookupConfig,"ax",%progbits
  14              		.align	1
  15              		.global	XSpi_LookupConfig
  16              		.arch armv6s-m
  17              		.syntax unified
  18              		.code	16
  19              		.thumb_func
  20              		.fpu softvfp
  22              	XSpi_LookupConfig:
  23              		@ args = 0, pretend = 0, frame = 16
  24              		@ frame_needed = 1, uses_anonymous_args = 0
  25 0000 80B5     		push	{r7, lr}
  26 0002 84B0     		sub	sp, sp, #16
  27 0004 00AF     		add	r7, sp, #0
  28 0006 0200     		movs	r2, r0
  29 0008 BB1D     		adds	r3, r7, #6
  30 000a 1A80     		strh	r2, [r3]
  31 000c 0023     		movs	r3, #0
  32 000e FB60     		str	r3, [r7, #12]
  33 0010 0023     		movs	r3, #0
  34 0012 BB60     		str	r3, [r7, #8]
  35 0014 16E0     		b	.L2
  36              	.L5:
  37 0016 0F49     		ldr	r1, .L7
  38 0018 BA68     		ldr	r2, [r7, #8]
  39 001a 1300     		movs	r3, r2
  40 001c DB00     		lsls	r3, r3, #3
  41 001e 9B1A     		subs	r3, r3, r2
  42 0020 9B00     		lsls	r3, r3, #2
  43 0022 5B5A     		ldrh	r3, [r3, r1]
  44 0024 BA1D     		adds	r2, r7, #6
  45 0026 1288     		ldrh	r2, [r2]
  46 0028 9A42     		cmp	r2, r3
  47 002a 08D1     		bne	.L3
  48 002c BA68     		ldr	r2, [r7, #8]
  49 002e 1300     		movs	r3, r2
  50 0030 DB00     		lsls	r3, r3, #3
  51 0032 9B1A     		subs	r3, r3, r2
  52 0034 9B00     		lsls	r3, r3, #2
  53 0036 074A     		ldr	r2, .L7
  54 0038 9B18     		adds	r3, r3, r2
  55 003a FB60     		str	r3, [r7, #12]
  56 003c 05E0     		b	.L4
  57              	.L3:
  58 003e BB68     		ldr	r3, [r7, #8]
  59 0040 0133     		adds	r3, r3, #1
  60 0042 BB60     		str	r3, [r7, #8]
  61              	.L2:
  62 0044 BB68     		ldr	r3, [r7, #8]
  63 0046 002B     		cmp	r3, #0
  64 0048 E5D0     		beq	.L5
  65              	.L4:
  66 004a FB68     		ldr	r3, [r7, #12]
  67 004c 1800     		movs	r0, r3
  68 004e BD46     		mov	sp, r7
  69 0050 04B0     		add	sp, sp, #16
  70              		@ sp needed
  71 0052 80BD     		pop	{r7, pc}
  72              	.L8:
  73              		.align	2
  74              	.L7:
  75 0054 00000000 		.word	XSpi_ConfigTable
  77              		.section	.rodata
  78              		.align	2
  79              	.LC2:
  80 0000 2E2E2F73 		.ascii	"../src/spi_v4_4/src/xspi_sinit.c\000"
  80      72632F73 
  80      70695F76 
  80      345F342F 
  80      7372632F 
  81              		.section	.text.XSpi_Initialize,"ax",%progbits
  82              		.align	1
  83              		.global	XSpi_Initialize
  84              		.syntax unified
  85              		.code	16
  86              		.thumb_func
  87              		.fpu softvfp
  89              	XSpi_Initialize:
  90              		@ args = 0, pretend = 0, frame = 16
  91              		@ frame_needed = 1, uses_anonymous_args = 0
  92 0000 80B5     		push	{r7, lr}
  93 0002 84B0     		sub	sp, sp, #16
  94 0004 00AF     		add	r7, sp, #0
  95 0006 7860     		str	r0, [r7, #4]
  96 0008 0A00     		movs	r2, r1
  97 000a BB1C     		adds	r3, r7, #2
  98 000c 1A80     		strh	r2, [r3]
  99 000e 7B68     		ldr	r3, [r7, #4]
 100 0010 002B     		cmp	r3, #0
 101 0012 0DD0     		beq	.L10
 102 0014 124B     		ldr	r3, .L15
 103 0016 0022     		movs	r2, #0
 104 0018 1A60     		str	r2, [r3]
 105 001a BB1C     		adds	r3, r7, #2
 106 001c 1B88     		ldrh	r3, [r3]
 107 001e 1800     		movs	r0, r3
 108 0020 FFF7FEFF 		bl	XSpi_LookupConfig
 109 0024 0300     		movs	r3, r0
 110 0026 FB60     		str	r3, [r7, #12]
 111 0028 FB68     		ldr	r3, [r7, #12]
 112 002a 002B     		cmp	r3, #0
 113 002c 0CD1     		bne	.L13
 114 002e 09E0     		b	.L14
 115              	.L10:
 116 0030 0C4B     		ldr	r3, .L15+4
 117 0032 8621     		movs	r1, #134
 118 0034 1800     		movs	r0, r3
 119 0036 FFF7FEFF 		bl	Xil_Assert
 120 003a 094B     		ldr	r3, .L15
 121 003c 0122     		movs	r2, #1
 122 003e 1A60     		str	r2, [r3]
 123 0040 0023     		movs	r3, #0
 124 0042 09E0     		b	.L12
 125              	.L14:
 126 0044 0223     		movs	r3, #2
 127 0046 07E0     		b	.L12
 128              	.L13:
 129 0048 FB68     		ldr	r3, [r7, #12]
 130 004a 5A68     		ldr	r2, [r3, #4]
 131 004c F968     		ldr	r1, [r7, #12]
 132 004e 7B68     		ldr	r3, [r7, #4]
 133 0050 1800     		movs	r0, r3
 134 0052 FFF7FEFF 		bl	XSpi_CfgInitialize
 135 0056 0300     		movs	r3, r0
 136              	.L12:
 137 0058 1800     		movs	r0, r3
 138 005a BD46     		mov	sp, r7
 139 005c 04B0     		add	sp, sp, #16
 140              		@ sp needed
 141 005e 80BD     		pop	{r7, pc}
 142              	.L16:
 143              		.align	2
 144              	.L15:
 145 0060 00000000 		.word	Xil_AssertStatus
 146 0064 00000000 		.word	.LC2
 148              		.ident	"GCC: (GNU Tools for Arm Embedded Processors 9-2019-q4-major) 9.2.1 20191025 (release) [ARM
DEFINED SYMBOLS
                            *ABS*:00000000 xspi_sinit.c
C:\Users\george\AppData\Local\Temp\ccEwjdCW.s:14     .text.XSpi_LookupConfig:00000000 $t
C:\Users\george\AppData\Local\Temp\ccEwjdCW.s:22     .text.XSpi_LookupConfig:00000000 XSpi_LookupConfig
C:\Users\george\AppData\Local\Temp\ccEwjdCW.s:75     .text.XSpi_LookupConfig:00000054 $d
C:\Users\george\AppData\Local\Temp\ccEwjdCW.s:78     .rodata:00000000 $d
C:\Users\george\AppData\Local\Temp\ccEwjdCW.s:82     .text.XSpi_Initialize:00000000 $t
C:\Users\george\AppData\Local\Temp\ccEwjdCW.s:89     .text.XSpi_Initialize:00000000 XSpi_Initialize
C:\Users\george\AppData\Local\Temp\ccEwjdCW.s:145    .text.XSpi_Initialize:00000060 $d

UNDEFINED SYMBOLS
XSpi_ConfigTable
Xil_Assert
XSpi_CfgInitialize
Xil_AssertStatus
