   1              		.cpu cortex-m1
   2              		.eabi_attribute 20, 1
   3              		.eabi_attribute 21, 1
   4              		.eabi_attribute 23, 3
   5              		.eabi_attribute 24, 1
   6              		.eabi_attribute 25, 1
   7              		.eabi_attribute 26, 1
   8              		.eabi_attribute 30, 6
   9              		.eabi_attribute 34, 0
  10              		.eabi_attribute 18, 4
  11              		.file	"xspi_g.c"
  12              		.text
  13              		.global	XSpi_ConfigTable
  14              		.section	.data.XSpi_ConfigTable,"aw"
  15              		.align	2
  18              	XSpi_ConfigTable:
  19 0000 0000     		.short	0
  20 0002 0000     		.space	2
  21 0004 0000A044 		.word	1151336448
  22 0008 00000000 		.word	0
  23 000c 00000000 		.word	0
  24 0010 01       		.byte	1
  25 0011 08       		.byte	8
  26 0012 00       		.byte	0
  27 0013 00       		.byte	0
  28 0014 00000000 		.word	0
  29 0018 00       		.byte	0
  30 0019 00       		.byte	0
  31 001a 0000     		.space	2
  32              		.ident	"GCC: (GNU Tools for Arm Embedded Processors 9-2019-q4-major) 9.2.1 20191025 (release) [ARM
DEFINED SYMBOLS
                            *ABS*:00000000 xspi_g.c
C:\Users\george\AppData\Local\Temp\ccnOwhlr.s:18     .data.XSpi_ConfigTable:00000000 XSpi_ConfigTable
C:\Users\george\AppData\Local\Temp\ccnOwhlr.s:15     .data.XSpi_ConfigTable:00000000 $d

NO UNDEFINED SYMBOLS
