   1              		.cpu cortex-m1
   2              		.eabi_attribute 20, 1
   3              		.eabi_attribute 21, 1
   4              		.eabi_attribute 23, 3
   5              		.eabi_attribute 24, 1
   6              		.eabi_attribute 25, 1
   7              		.eabi_attribute 26, 1
   8              		.eabi_attribute 30, 6
   9              		.eabi_attribute 34, 0
  10              		.eabi_attribute 18, 4
  11              		.file	"outbyte.c"
  12              		.text
  13              		.section	.text.outbyte,"ax",%progbits
  14              		.align	1
  15              		.global	outbyte
  16              		.arch armv6s-m
  17              		.syntax unified
  18              		.code	16
  19              		.thumb_func
  20              		.fpu softvfp
  22              	outbyte:
  23              		@ args = 0, pretend = 0, frame = 8
  24              		@ frame_needed = 1, uses_anonymous_args = 0
  25 0000 80B5     		push	{r7, lr}
  26 0002 82B0     		sub	sp, sp, #8
  27 0004 00AF     		add	r7, sp, #0
  28 0006 0200     		movs	r2, r0
  29 0008 FB1D     		adds	r3, r7, #7
  30 000a 1A70     		strb	r2, [r3]
  31 000c FB1D     		adds	r3, r7, #7
  32 000e 1B78     		ldrb	r3, [r3]
  33 0010 044A     		ldr	r2, .L2
  34 0012 1900     		movs	r1, r3
  35 0014 1000     		movs	r0, r2
  36 0016 FFF7FEFF 		bl	XUartLite_SendByte
  37 001a C046     		nop
  38 001c BD46     		mov	sp, r7
  39 001e 02B0     		add	sp, sp, #8
  40              		@ sp needed
  41 0020 80BD     		pop	{r7, pc}
  42              	.L3:
  43 0022 C046     		.align	2
  44              	.L2:
  45 0024 00006040 		.word	1080033280
  47              		.ident	"GCC: (GNU Tools for Arm Embedded Processors 9-2019-q4-major) 9.2.1 20191025 (release) [ARM
DEFINED SYMBOLS
                            *ABS*:00000000 outbyte.c
C:\Users\george\AppData\Local\Temp\ccuXePGZ.s:14     .text.outbyte:00000000 $t
C:\Users\george\AppData\Local\Temp\ccuXePGZ.s:22     .text.outbyte:00000000 outbyte
C:\Users\george\AppData\Local\Temp\ccuXePGZ.s:45     .text.outbyte:00000024 $d

UNDEFINED SYMBOLS
XUartLite_SendByte
