   1              		.cpu cortex-m1
   2              		.eabi_attribute 20, 1
   3              		.eabi_attribute 21, 1
   4              		.eabi_attribute 23, 3
   5              		.eabi_attribute 24, 1
   6              		.eabi_attribute 25, 1
   7              		.eabi_attribute 26, 1
   8              		.eabi_attribute 30, 6
   9              		.eabi_attribute 34, 0
  10              		.eabi_attribute 18, 4
  11              		.file	"print.c"
  12              		.text
  13              		.section	.text.print,"ax",%progbits
  14              		.align	1
  15              		.global	print
  16              		.arch armv6s-m
  17              		.syntax unified
  18              		.code	16
  19              		.thumb_func
  20              		.fpu softvfp
  22              	print:
  23              		@ args = 0, pretend = 0, frame = 8
  24              		@ frame_needed = 1, uses_anonymous_args = 0
  25 0000 80B5     		push	{r7, lr}
  26 0002 82B0     		sub	sp, sp, #8
  27 0004 00AF     		add	r7, sp, #0
  28 0006 7860     		str	r0, [r7, #4]
  29 0008 08E0     		b	.L2
  30              	.L3:
  31 000a 7B68     		ldr	r3, [r7, #4]
  32 000c 1B78     		ldrb	r3, [r3]
  33 000e 5BB2     		sxtb	r3, r3
  34 0010 1800     		movs	r0, r3
  35 0012 FFF7FEFF 		bl	outbyte
  36 0016 7B68     		ldr	r3, [r7, #4]
  37 0018 0133     		adds	r3, r3, #1
  38 001a 7B60     		str	r3, [r7, #4]
  39              	.L2:
  40 001c 7B68     		ldr	r3, [r7, #4]
  41 001e 1B78     		ldrb	r3, [r3]
  42 0020 5BB2     		sxtb	r3, r3
  43 0022 002B     		cmp	r3, #0
  44 0024 F1D1     		bne	.L3
  45 0026 C046     		nop
  46 0028 C046     		nop
  47 002a BD46     		mov	sp, r7
  48 002c 02B0     		add	sp, sp, #8
  49              		@ sp needed
  50 002e 80BD     		pop	{r7, pc}
  52              		.ident	"GCC: (GNU Tools for Arm Embedded Processors 9-2019-q4-major) 9.2.1 20191025 (release) [ARM
DEFINED SYMBOLS
                            *ABS*:00000000 print.c
C:\Users\jl241\AppData\Local\Temp\ccwlYbKj.s:14     .text.print:00000000 $t
C:\Users\jl241\AppData\Local\Temp\ccwlYbKj.s:22     .text.print:00000000 print

UNDEFINED SYMBOLS
outbyte
