   1              		.cpu cortex-m1
   2              		.eabi_attribute 20, 1
   3              		.eabi_attribute 21, 1
   4              		.eabi_attribute 23, 3
   5              		.eabi_attribute 24, 1
   6              		.eabi_attribute 25, 1
   7              		.eabi_attribute 26, 1
   8              		.eabi_attribute 30, 6
   9              		.eabi_attribute 34, 0
  10              		.eabi_attribute 18, 4
  11              		.file	"xil_printf.c"
  12              		.text
  13              		.section	.text.padding,"ax",%progbits
  14              		.align	1
  15              		.arch armv6s-m
  16              		.syntax unified
  17              		.code	16
  18              		.thumb_func
  19              		.fpu softvfp
  21              	padding:
  22              		@ args = 0, pretend = 0, frame = 16
  23              		@ frame_needed = 1, uses_anonymous_args = 0
  24 0000 80B5     		push	{r7, lr}
  25 0002 84B0     		sub	sp, sp, #16
  26 0004 00AF     		add	r7, sp, #0
  27 0006 7860     		str	r0, [r7, #4]
  28 0008 3960     		str	r1, [r7]
  29 000a 3B68     		ldr	r3, [r7]
  30 000c 1B69     		ldr	r3, [r3, #16]
  31 000e 002B     		cmp	r3, #0
  32 0010 1AD0     		beq	.L5
  33 0012 7B68     		ldr	r3, [r7, #4]
  34 0014 002B     		cmp	r3, #0
  35 0016 17D0     		beq	.L5
  36 0018 3B68     		ldr	r3, [r7]
  37 001a 1A68     		ldr	r2, [r3]
  38 001c 3B68     		ldr	r3, [r7]
  39 001e 5B68     		ldr	r3, [r3, #4]
  40 0020 9A42     		cmp	r2, r3
  41 0022 11DA     		bge	.L5
  42 0024 3B68     		ldr	r3, [r7]
  43 0026 1B68     		ldr	r3, [r3]
  44 0028 FB60     		str	r3, [r7, #12]
  45 002a 08E0     		b	.L3
  46              	.L4:
  47 002c 3B68     		ldr	r3, [r7]
  48 002e 1B7B     		ldrb	r3, [r3, #12]
  49 0030 5BB2     		sxtb	r3, r3
  50 0032 1800     		movs	r0, r3
  51 0034 FFF7FEFF 		bl	outbyte
  52 0038 FB68     		ldr	r3, [r7, #12]
  53 003a 0133     		adds	r3, r3, #1
  54 003c FB60     		str	r3, [r7, #12]
  55              	.L3:
  56 003e 3B68     		ldr	r3, [r7]
  57 0040 5B68     		ldr	r3, [r3, #4]
  58 0042 FA68     		ldr	r2, [r7, #12]
  59 0044 9A42     		cmp	r2, r3
  60 0046 F1DB     		blt	.L4
  61              	.L5:
  62 0048 C046     		nop
  63 004a BD46     		mov	sp, r7
  64 004c 04B0     		add	sp, sp, #16
  65              		@ sp needed
  66 004e 80BD     		pop	{r7, pc}
  68              		.section	.text.outs,"ax",%progbits
  69              		.align	1
  70              		.syntax unified
  71              		.code	16
  72              		.thumb_func
  73              		.fpu softvfp
  75              	outs:
  76              		@ args = 0, pretend = 0, frame = 16
  77              		@ frame_needed = 1, uses_anonymous_args = 0
  78 0000 80B5     		push	{r7, lr}
  79 0002 84B0     		sub	sp, sp, #16
  80 0004 00AF     		add	r7, sp, #0
  81 0006 7860     		str	r0, [r7, #4]
  82 0008 3960     		str	r1, [r7]
  83 000a 7B68     		ldr	r3, [r7, #4]
  84 000c FB60     		str	r3, [r7, #12]
  85 000e FB68     		ldr	r3, [r7, #12]
  86 0010 002B     		cmp	r3, #0
  87 0012 07D0     		beq	.L7
  88 0014 FB68     		ldr	r3, [r7, #12]
  89 0016 1800     		movs	r0, r3
  90 0018 FFF7FEFF 		bl	strlen
  91 001c 0300     		movs	r3, r0
  92 001e 1A00     		movs	r2, r3
  93 0020 3B68     		ldr	r3, [r7]
  94 0022 1A60     		str	r2, [r3]
  95              	.L7:
  96 0024 3B68     		ldr	r3, [r7]
  97 0026 5B69     		ldr	r3, [r3, #20]
  98 0028 5A42     		rsbs	r2, r3, #0
  99 002a 5341     		adcs	r3, r3, r2
 100 002c DBB2     		uxtb	r3, r3
 101 002e 1A00     		movs	r2, r3
 102 0030 3B68     		ldr	r3, [r7]
 103 0032 1900     		movs	r1, r3
 104 0034 1000     		movs	r0, r2
 105 0036 FFF7FEFF 		bl	padding
 106 003a 0DE0     		b	.L8
 107              	.L10:
 108 003c 3B68     		ldr	r3, [r7]
 109 003e 9B68     		ldr	r3, [r3, #8]
 110 0040 5A1E     		subs	r2, r3, #1
 111 0042 3B68     		ldr	r3, [r7]
 112 0044 9A60     		str	r2, [r3, #8]
 113 0046 FB68     		ldr	r3, [r7, #12]
 114 0048 1B78     		ldrb	r3, [r3]
 115 004a 5BB2     		sxtb	r3, r3
 116 004c 1800     		movs	r0, r3
 117 004e FFF7FEFF 		bl	outbyte
 118 0052 FB68     		ldr	r3, [r7, #12]
 119 0054 0133     		adds	r3, r3, #1
 120 0056 FB60     		str	r3, [r7, #12]
 121              	.L8:
 122 0058 FB68     		ldr	r3, [r7, #12]
 123 005a 1B78     		ldrb	r3, [r3]
 124 005c 5BB2     		sxtb	r3, r3
 125 005e 002B     		cmp	r3, #0
 126 0060 03D0     		beq	.L9
 127 0062 3B68     		ldr	r3, [r7]
 128 0064 9B68     		ldr	r3, [r3, #8]
 129 0066 002B     		cmp	r3, #0
 130 0068 E8D1     		bne	.L10
 131              	.L9:
 132 006a 3B68     		ldr	r3, [r7]
 133 006c 5B69     		ldr	r3, [r3, #20]
 134 006e 3A68     		ldr	r2, [r7]
 135 0070 1100     		movs	r1, r2
 136 0072 1800     		movs	r0, r3
 137 0074 FFF7FEFF 		bl	padding
 138 0078 C046     		nop
 139 007a BD46     		mov	sp, r7
 140 007c 04B0     		add	sp, sp, #16
 141              		@ sp needed
 142 007e 80BD     		pop	{r7, pc}
 144              		.global	__aeabi_uidivmod
 145              		.global	__aeabi_uidiv
 146              		.section	.rodata
 147              		.align	2
 148              	.LC0:
 149 0000 30313233 		.ascii	"0123456789ABCDEF\000"
 149      34353637 
 149      38394142 
 149      43444546 
 149      00
 150              		.section	.text.outnum,"ax",%progbits
 151              		.align	1
 152              		.syntax unified
 153              		.code	16
 154              		.thumb_func
 155              		.fpu softvfp
 157              	outnum:
 158              		@ args = 0, pretend = 0, frame = 80
 159              		@ frame_needed = 1, uses_anonymous_args = 0
 160 0000 90B5     		push	{r4, r7, lr}
 161 0002 95B0     		sub	sp, sp, #84
 162 0004 00AF     		add	r7, sp, #0
 163 0006 F860     		str	r0, [r7, #12]
 164 0008 B960     		str	r1, [r7, #8]
 165 000a 7A60     		str	r2, [r7, #4]
 166 000c 1023     		movs	r3, #16
 167 000e FB18     		adds	r3, r7, r3
 168 0010 454A     		ldr	r2, .L20
 169 0012 13CA     		ldmia	r2!, {r0, r1, r4}
 170 0014 13C3     		stmia	r3!, {r0, r1, r4}
 171 0016 1168     		ldr	r1, [r2]
 172 0018 1960     		str	r1, [r3]
 173 001a 1279     		ldrb	r2, [r2, #4]
 174 001c 1A71     		strb	r2, [r3, #4]
 175 001e 0023     		movs	r3, #0
 176 0020 BB64     		str	r3, [r7, #72]
 177 0022 08E0     		b	.L12
 178              	.L13:
 179 0024 2423     		movs	r3, #36
 180 0026 FA18     		adds	r2, r7, r3
 181 0028 BB6C     		ldr	r3, [r7, #72]
 182 002a D318     		adds	r3, r2, r3
 183 002c 3022     		movs	r2, #48
 184 002e 1A70     		strb	r2, [r3]
 185 0030 BB6C     		ldr	r3, [r7, #72]
 186 0032 0133     		adds	r3, r3, #1
 187 0034 BB64     		str	r3, [r7, #72]
 188              	.L12:
 189 0036 BB6C     		ldr	r3, [r7, #72]
 190 0038 1F2B     		cmp	r3, #31
 191 003a F3DD     		ble	.L13
 192 003c 7B68     		ldr	r3, [r7, #4]
 193 003e 9B69     		ldr	r3, [r3, #24]
 194 0040 002B     		cmp	r3, #0
 195 0042 0BD1     		bne	.L14
 196 0044 BB68     		ldr	r3, [r7, #8]
 197 0046 0A2B     		cmp	r3, #10
 198 0048 08D1     		bne	.L14
 199 004a FB68     		ldr	r3, [r7, #12]
 200 004c 002B     		cmp	r3, #0
 201 004e 05DA     		bge	.L14
 202 0050 0123     		movs	r3, #1
 203 0052 FB64     		str	r3, [r7, #76]
 204 0054 FB68     		ldr	r3, [r7, #12]
 205 0056 5B42     		rsbs	r3, r3, #0
 206 0058 7B64     		str	r3, [r7, #68]
 207 005a 03E0     		b	.L15
 208              	.L14:
 209 005c FB68     		ldr	r3, [r7, #12]
 210 005e 7B64     		str	r3, [r7, #68]
 211 0060 0023     		movs	r3, #0
 212 0062 FB64     		str	r3, [r7, #76]
 213              	.L15:
 214 0064 0023     		movs	r3, #0
 215 0066 BB64     		str	r3, [r7, #72]
 216              	.L16:
 217 0068 BA68     		ldr	r2, [r7, #8]
 218 006a 7B6C     		ldr	r3, [r7, #68]
 219 006c 1100     		movs	r1, r2
 220 006e 1800     		movs	r0, r3
 221 0070 FFF7FEFF 		bl	__aeabi_uidivmod
 222 0074 0B00     		movs	r3, r1
 223 0076 1A00     		movs	r2, r3
 224 0078 1023     		movs	r3, #16
 225 007a FB18     		adds	r3, r7, r3
 226 007c 9956     		ldrsb	r1, [r3, r2]
 227 007e 2424     		movs	r4, #36
 228 0080 3A19     		adds	r2, r7, r4
 229 0082 BB6C     		ldr	r3, [r7, #72]
 230 0084 D318     		adds	r3, r2, r3
 231 0086 0A1C     		adds	r2, r1, #0
 232 0088 1A70     		strb	r2, [r3]
 233 008a BB6C     		ldr	r3, [r7, #72]
 234 008c 0133     		adds	r3, r3, #1
 235 008e BB64     		str	r3, [r7, #72]
 236 0090 BB68     		ldr	r3, [r7, #8]
 237 0092 1900     		movs	r1, r3
 238 0094 786C     		ldr	r0, [r7, #68]
 239 0096 FFF7FEFF 		bl	__aeabi_uidiv
 240 009a 0300     		movs	r3, r0
 241 009c 7B64     		str	r3, [r7, #68]
 242 009e 7B6C     		ldr	r3, [r7, #68]
 243 00a0 002B     		cmp	r3, #0
 244 00a2 E1D1     		bne	.L16
 245 00a4 FB6C     		ldr	r3, [r7, #76]
 246 00a6 002B     		cmp	r3, #0
 247 00a8 07D0     		beq	.L17
 248 00aa 3A19     		adds	r2, r7, r4
 249 00ac BB6C     		ldr	r3, [r7, #72]
 250 00ae D318     		adds	r3, r2, r3
 251 00b0 2D22     		movs	r2, #45
 252 00b2 1A70     		strb	r2, [r3]
 253 00b4 BB6C     		ldr	r3, [r7, #72]
 254 00b6 0133     		adds	r3, r3, #1
 255 00b8 BB64     		str	r3, [r7, #72]
 256              	.L17:
 257 00ba 2421     		movs	r1, #36
 258 00bc 7A18     		adds	r2, r7, r1
 259 00be BB6C     		ldr	r3, [r7, #72]
 260 00c0 D318     		adds	r3, r2, r3
 261 00c2 0022     		movs	r2, #0
 262 00c4 1A70     		strb	r2, [r3]
 263 00c6 BB6C     		ldr	r3, [r7, #72]
 264 00c8 013B     		subs	r3, r3, #1
 265 00ca BB64     		str	r3, [r7, #72]
 266 00cc 7B18     		adds	r3, r7, r1
 267 00ce 1800     		movs	r0, r3
 268 00d0 FFF7FEFF 		bl	strlen
 269 00d4 0300     		movs	r3, r0
 270 00d6 1A00     		movs	r2, r3
 271 00d8 7B68     		ldr	r3, [r7, #4]
 272 00da 1A60     		str	r2, [r3]
 273 00dc 7B68     		ldr	r3, [r7, #4]
 274 00de 5B69     		ldr	r3, [r3, #20]
 275 00e0 5A42     		rsbs	r2, r3, #0
 276 00e2 5341     		adcs	r3, r3, r2
 277 00e4 DBB2     		uxtb	r3, r3
 278 00e6 1A00     		movs	r2, r3
 279 00e8 7B68     		ldr	r3, [r7, #4]
 280 00ea 1900     		movs	r1, r3
 281 00ec 1000     		movs	r0, r2
 282 00ee FFF7FEFF 		bl	padding
 283 00f2 0BE0     		b	.L18
 284              	.L19:
 285 00f4 2423     		movs	r3, #36
 286 00f6 FA18     		adds	r2, r7, r3
 287 00f8 BB6C     		ldr	r3, [r7, #72]
 288 00fa D318     		adds	r3, r2, r3
 289 00fc 1B78     		ldrb	r3, [r3]
 290 00fe 5BB2     		sxtb	r3, r3
 291 0100 1800     		movs	r0, r3
 292 0102 FFF7FEFF 		bl	outbyte
 293 0106 BB6C     		ldr	r3, [r7, #72]
 294 0108 013B     		subs	r3, r3, #1
 295 010a BB64     		str	r3, [r7, #72]
 296              	.L18:
 297 010c BB6C     		ldr	r3, [r7, #72]
 298 010e 002B     		cmp	r3, #0
 299 0110 F0DA     		bge	.L19
 300 0112 7B68     		ldr	r3, [r7, #4]
 301 0114 5B69     		ldr	r3, [r3, #20]
 302 0116 7A68     		ldr	r2, [r7, #4]
 303 0118 1100     		movs	r1, r2
 304 011a 1800     		movs	r0, r3
 305 011c FFF7FEFF 		bl	padding
 306 0120 C046     		nop
 307 0122 BD46     		mov	sp, r7
 308 0124 15B0     		add	sp, sp, #84
 309              		@ sp needed
 310 0126 90BD     		pop	{r4, r7, pc}
 311              	.L21:
 312              		.align	2
 313              	.L20:
 314 0128 00000000 		.word	.LC0
 316              		.section	.text.getnum,"ax",%progbits
 317              		.align	1
 318              		.syntax unified
 319              		.code	16
 320              		.thumb_func
 321              		.fpu softvfp
 323              	getnum:
 324              		@ args = 0, pretend = 0, frame = 24
 325              		@ frame_needed = 1, uses_anonymous_args = 0
 326 0000 80B5     		push	{r7, lr}
 327 0002 86B0     		sub	sp, sp, #24
 328 0004 00AF     		add	r7, sp, #0
 329 0006 7860     		str	r0, [r7, #4]
 330 0008 0023     		movs	r3, #0
 331 000a 3B61     		str	r3, [r7, #16]
 332 000c 0023     		movs	r3, #0
 333 000e 7B61     		str	r3, [r7, #20]
 334 0010 7B68     		ldr	r3, [r7, #4]
 335 0012 1B68     		ldr	r3, [r3]
 336 0014 FB60     		str	r3, [r7, #12]
 337 0016 FB68     		ldr	r3, [r7, #12]
 338 0018 002B     		cmp	r3, #0
 339 001a 3CD0     		beq	.L24
 340 001c FB68     		ldr	r3, [r7, #12]
 341 001e 1B78     		ldrb	r3, [r3]
 342 0020 5BB2     		sxtb	r3, r3
 343 0022 5A1C     		adds	r2, r3, #1
 344 0024 214B     		ldr	r3, .L28
 345 0026 D318     		adds	r3, r2, r3
 346 0028 1B78     		ldrb	r3, [r3]
 347 002a 5BB2     		sxtb	r3, r3
 348 002c DBB2     		uxtb	r3, r3
 349 002e 1A00     		movs	r2, r3
 350 0030 0423     		movs	r3, #4
 351 0032 1340     		ands	r3, r2
 352 0034 3B61     		str	r3, [r7, #16]
 353 0036 2EE0     		b	.L24
 354              	.L26:
 355 0038 FB68     		ldr	r3, [r7, #12]
 356 003a 002B     		cmp	r3, #0
 357 003c 1ED0     		beq	.L25
 358 003e 7A69     		ldr	r2, [r7, #20]
 359 0040 1300     		movs	r3, r2
 360 0042 9B00     		lsls	r3, r3, #2
 361 0044 9B18     		adds	r3, r3, r2
 362 0046 5B00     		lsls	r3, r3, #1
 363 0048 1A00     		movs	r2, r3
 364 004a FB68     		ldr	r3, [r7, #12]
 365 004c 1B78     		ldrb	r3, [r3]
 366 004e 5BB2     		sxtb	r3, r3
 367 0050 303B     		subs	r3, r3, #48
 368 0052 D318     		adds	r3, r2, r3
 369 0054 7B61     		str	r3, [r7, #20]
 370 0056 FB68     		ldr	r3, [r7, #12]
 371 0058 0133     		adds	r3, r3, #1
 372 005a FB60     		str	r3, [r7, #12]
 373 005c FB68     		ldr	r3, [r7, #12]
 374 005e 002B     		cmp	r3, #0
 375 0060 0CD0     		beq	.L25
 376 0062 FB68     		ldr	r3, [r7, #12]
 377 0064 1B78     		ldrb	r3, [r3]
 378 0066 5BB2     		sxtb	r3, r3
 379 0068 5A1C     		adds	r2, r3, #1
 380 006a 104B     		ldr	r3, .L28
 381 006c D318     		adds	r3, r2, r3
 382 006e 1B78     		ldrb	r3, [r3]
 383 0070 5BB2     		sxtb	r3, r3
 384 0072 DBB2     		uxtb	r3, r3
 385 0074 1A00     		movs	r2, r3
 386 0076 0423     		movs	r3, #4
 387 0078 1340     		ands	r3, r2
 388 007a 3B61     		str	r3, [r7, #16]
 389              	.L25:
 390 007c FB68     		ldr	r3, [r7, #12]
 391 007e 1B78     		ldrb	r3, [r3]
 392 0080 5BB2     		sxtb	r3, r3
 393 0082 5A1C     		adds	r2, r3, #1
 394 0084 094B     		ldr	r3, .L28
 395 0086 D318     		adds	r3, r2, r3
 396 0088 1B78     		ldrb	r3, [r3]
 397 008a 5BB2     		sxtb	r3, r3
 398 008c DBB2     		uxtb	r3, r3
 399 008e 1A00     		movs	r2, r3
 400 0090 0423     		movs	r3, #4
 401 0092 1340     		ands	r3, r2
 402 0094 3B61     		str	r3, [r7, #16]
 403              	.L24:
 404 0096 3B69     		ldr	r3, [r7, #16]
 405 0098 002B     		cmp	r3, #0
 406 009a CDD1     		bne	.L26
 407 009c 7B68     		ldr	r3, [r7, #4]
 408 009e FA68     		ldr	r2, [r7, #12]
 409 00a0 1A60     		str	r2, [r3]
 410 00a2 7B69     		ldr	r3, [r7, #20]
 411 00a4 1800     		movs	r0, r3
 412 00a6 BD46     		mov	sp, r7
 413 00a8 06B0     		add	sp, sp, #24
 414              		@ sp needed
 415 00aa 80BD     		pop	{r7, pc}
 416              	.L29:
 417              		.align	2
 418              	.L28:
 419 00ac 00000000 		.word	_ctype_
 421              		.section	.text.xil_printf,"ax",%progbits
 422              		.align	1
 423              		.global	xil_printf
 424              		.syntax unified
 425              		.code	16
 426              		.thumb_func
 427              		.fpu softvfp
 429              	xil_printf:
 430              		@ args = 4, pretend = 16, frame = 56
 431              		@ frame_needed = 1, uses_anonymous_args = 1
 432 0000 0FB4     		push	{r0, r1, r2, r3}
 433 0002 80B5     		push	{r7, lr}
 434 0004 8EB0     		sub	sp, sp, #56
 435 0006 00AF     		add	r7, sp, #0
 436 0008 3B6C     		ldr	r3, [r7, #64]
 437 000a 7B60     		str	r3, [r7, #4]
 438 000c 4423     		movs	r3, #68
 439 000e FB18     		adds	r3, r7, r3
 440 0010 BB60     		str	r3, [r7, #8]
 441 0012 1BE1     		b	.L31
 442              	.L67:
 443 0014 7B68     		ldr	r3, [r7, #4]
 444 0016 1B78     		ldrb	r3, [r3]
 445 0018 5BB2     		sxtb	r3, r3
 446 001a 252B     		cmp	r3, #37
 447 001c 09D0     		beq	.L32
 448 001e 7B68     		ldr	r3, [r7, #4]
 449 0020 1B78     		ldrb	r3, [r3]
 450 0022 5BB2     		sxtb	r3, r3
 451 0024 1800     		movs	r0, r3
 452 0026 FFF7FEFF 		bl	outbyte
 453 002a 7B68     		ldr	r3, [r7, #4]
 454 002c 0133     		adds	r3, r3, #1
 455 002e 7B60     		str	r3, [r7, #4]
 456 0030 0CE1     		b	.L31
 457              	.L32:
 458 0032 0023     		movs	r3, #0
 459 0034 3B63     		str	r3, [r7, #48]
 460 0036 0C21     		movs	r1, #12
 461 0038 7B18     		adds	r3, r7, r1
 462 003a 0022     		movs	r2, #0
 463 003c 9A61     		str	r2, [r3, #24]
 464 003e 7B18     		adds	r3, r7, r1
 465 0040 0022     		movs	r2, #0
 466 0042 5A61     		str	r2, [r3, #20]
 467 0044 7B18     		adds	r3, r7, r1
 468 0046 0022     		movs	r2, #0
 469 0048 1A61     		str	r2, [r3, #16]
 470 004a 7B18     		adds	r3, r7, r1
 471 004c 2022     		movs	r2, #32
 472 004e 1A73     		strb	r2, [r3, #12]
 473 0050 7B18     		adds	r3, r7, r1
 474 0052 864A     		ldr	r2, .L69
 475 0054 9A60     		str	r2, [r3, #8]
 476 0056 7B18     		adds	r3, r7, r1
 477 0058 0022     		movs	r2, #0
 478 005a 5A60     		str	r2, [r3, #4]
 479 005c 7B18     		adds	r3, r7, r1
 480 005e 0022     		movs	r2, #0
 481 0060 1A60     		str	r2, [r3]
 482              	.L33:
 483 0062 7B68     		ldr	r3, [r7, #4]
 484 0064 002B     		cmp	r3, #0
 485 0066 02D0     		beq	.L34
 486 0068 7B68     		ldr	r3, [r7, #4]
 487 006a 0133     		adds	r3, r3, #1
 488 006c 7B60     		str	r3, [r7, #4]
 489              	.L34:
 490 006e 7B68     		ldr	r3, [r7, #4]
 491 0070 002B     		cmp	r3, #0
 492 0072 05D0     		beq	.L35
 493 0074 7A68     		ldr	r2, [r7, #4]
 494 0076 2F23     		movs	r3, #47
 495 0078 FB18     		adds	r3, r7, r3
 496 007a 1278     		ldrb	r2, [r2]
 497 007c 1A70     		strb	r2, [r3]
 498 007e 04E0     		b	.L36
 499              	.L35:
 500 0080 7A68     		ldr	r2, [r7, #4]
 501 0082 2F23     		movs	r3, #47
 502 0084 FB18     		adds	r3, r7, r3
 503 0086 1278     		ldrb	r2, [r2]
 504 0088 1A70     		strb	r2, [r3]
 505              	.L36:
 506 008a 2F23     		movs	r3, #47
 507 008c FB18     		adds	r3, r7, r3
 508 008e 1B78     		ldrb	r3, [r3]
 509 0090 5BB2     		sxtb	r3, r3
 510 0092 5A1C     		adds	r2, r3, #1
 511 0094 764B     		ldr	r3, .L69+4
 512 0096 D318     		adds	r3, r2, r3
 513 0098 1B78     		ldrb	r3, [r3]
 514 009a 5BB2     		sxtb	r3, r3
 515 009c DBB2     		uxtb	r3, r3
 516 009e 1A00     		movs	r2, r3
 517 00a0 0423     		movs	r3, #4
 518 00a2 1340     		ands	r3, r2
 519 00a4 2BD0     		beq	.L37
 520 00a6 3B6B     		ldr	r3, [r7, #48]
 521 00a8 002B     		cmp	r3, #0
 522 00aa 08D0     		beq	.L38
 523 00ac 3B1D     		adds	r3, r7, #4
 524 00ae 1800     		movs	r0, r3
 525 00b0 FFF7FEFF 		bl	getnum
 526 00b4 0200     		movs	r2, r0
 527 00b6 0C23     		movs	r3, #12
 528 00b8 FB18     		adds	r3, r7, r3
 529 00ba 9A60     		str	r2, [r3, #8]
 530 00bc 18E0     		b	.L39
 531              	.L38:
 532 00be 2F23     		movs	r3, #47
 533 00c0 FB18     		adds	r3, r7, r3
 534 00c2 1B78     		ldrb	r3, [r3]
 535 00c4 5BB2     		sxtb	r3, r3
 536 00c6 302B     		cmp	r3, #48
 537 00c8 03D1     		bne	.L40
 538 00ca 0C23     		movs	r3, #12
 539 00cc FB18     		adds	r3, r7, r3
 540 00ce 3022     		movs	r2, #48
 541 00d0 1A73     		strb	r2, [r3, #12]
 542              	.L40:
 543 00d2 7B68     		ldr	r3, [r7, #4]
 544 00d4 002B     		cmp	r3, #0
 545 00d6 07D0     		beq	.L41
 546 00d8 3B1D     		adds	r3, r7, #4
 547 00da 1800     		movs	r0, r3
 548 00dc FFF7FEFF 		bl	getnum
 549 00e0 0200     		movs	r2, r0
 550 00e2 0C23     		movs	r3, #12
 551 00e4 FB18     		adds	r3, r7, r3
 552 00e6 5A60     		str	r2, [r3, #4]
 553              	.L41:
 554 00e8 0C23     		movs	r3, #12
 555 00ea FB18     		adds	r3, r7, r3
 556 00ec 0122     		movs	r2, #1
 557 00ee 1A61     		str	r2, [r3, #16]
 558              	.L39:
 559 00f0 7B68     		ldr	r3, [r7, #4]
 560 00f2 002B     		cmp	r3, #0
 561 00f4 B5D0     		beq	.L33
 562 00f6 7B68     		ldr	r3, [r7, #4]
 563 00f8 013B     		subs	r3, r3, #1
 564 00fa 7B60     		str	r3, [r7, #4]
 565 00fc B1E7     		b	.L33
 566              	.L37:
 567 00fe 2F23     		movs	r3, #47
 568 0100 FB18     		adds	r3, r7, r3
 569 0102 1B78     		ldrb	r3, [r3]
 570 0104 5BB2     		sxtb	r3, r3
 571 0106 BB62     		str	r3, [r7, #40]
 572 0108 BB6A     		ldr	r3, [r7, #40]
 573 010a 5A1C     		adds	r2, r3, #1
 574 010c 584B     		ldr	r3, .L69+4
 575 010e D318     		adds	r3, r2, r3
 576 0110 1B78     		ldrb	r3, [r3]
 577 0112 5BB2     		sxtb	r3, r3
 578 0114 DBB2     		uxtb	r3, r3
 579 0116 1A00     		movs	r2, r3
 580 0118 0323     		movs	r3, #3
 581 011a 1340     		ands	r3, r2
 582 011c 012B     		cmp	r3, #1
 583 011e 02D1     		bne	.L43
 584 0120 BB6A     		ldr	r3, [r7, #40]
 585 0122 2033     		adds	r3, r3, #32
 586 0124 00E0     		b	.L44
 587              	.L43:
 588 0126 BB6A     		ldr	r3, [r7, #40]
 589              	.L44:
 590 0128 253B     		subs	r3, r3, #37
 591 012a 532B     		cmp	r3, #83
 592 012c 00D9     		bls	.LCB611
 593 012e 80E0     		b	.L45	@long jump
 594              	.LCB611:
 595 0130 9A00     		lsls	r2, r3, #2
 596 0132 504B     		ldr	r3, .L69+8
 597 0134 D318     		adds	r3, r2, r3
 598 0136 1B68     		ldr	r3, [r3]
 599 0138 9F46     		mov	pc, r3
 600              		.section	.rodata.xil_printf,"a",%progbits
 601              		.align	2
 602              	.L47:
 603 0000 3A010000 		.word	.L56
 604 0004 32020000 		.word	.L45
 605 0008 32020000 		.word	.L45
 606 000c 32020000 		.word	.L45
 607 0010 32020000 		.word	.L45
 608 0014 32020000 		.word	.L45
 609 0018 32020000 		.word	.L45
 610 001c 32020000 		.word	.L45
 611 0020 46010000 		.word	.L55
 612 0024 54010000 		.word	.L54
 613 0028 32020000 		.word	.L45
 614 002c 32020000 		.word	.L45
 615 0030 32020000 		.word	.L45
 616 0034 32020000 		.word	.L45
 617 0038 32020000 		.word	.L45
 618 003c 32020000 		.word	.L45
 619 0040 32020000 		.word	.L45
 620 0044 32020000 		.word	.L45
 621 0048 32020000 		.word	.L45
 622 004c 32020000 		.word	.L45
 623 0050 32020000 		.word	.L45
 624 0054 32020000 		.word	.L45
 625 0058 32020000 		.word	.L45
 626 005c 32020000 		.word	.L45
 627 0060 32020000 		.word	.L45
 628 0064 32020000 		.word	.L45
 629 0068 32020000 		.word	.L45
 630 006c 32020000 		.word	.L45
 631 0070 32020000 		.word	.L45
 632 0074 32020000 		.word	.L45
 633 0078 32020000 		.word	.L45
 634 007c 32020000 		.word	.L45
 635 0080 32020000 		.word	.L45
 636 0084 32020000 		.word	.L45
 637 0088 32020000 		.word	.L45
 638 008c 32020000 		.word	.L45
 639 0090 32020000 		.word	.L45
 640 0094 32020000 		.word	.L45
 641 0098 32020000 		.word	.L45
 642 009c 32020000 		.word	.L45
 643 00a0 32020000 		.word	.L45
 644 00a4 32020000 		.word	.L45
 645 00a8 32020000 		.word	.L45
 646 00ac 32020000 		.word	.L45
 647 00b0 32020000 		.word	.L45
 648 00b4 32020000 		.word	.L45
 649 00b8 32020000 		.word	.L45
 650 00bc 32020000 		.word	.L45
 651 00c0 32020000 		.word	.L45
 652 00c4 32020000 		.word	.L45
 653 00c8 32020000 		.word	.L45
 654 00cc 86010000 		.word	.L46
 655 00d0 32020000 		.word	.L45
 656 00d4 32020000 		.word	.L45
 657 00d8 32020000 		.word	.L45
 658 00dc D6010000 		.word	.L53
 659 00e0 32020000 		.word	.L45
 660 00e4 32020000 		.word	.L45
 661 00e8 32020000 		.word	.L45
 662 00ec 32020000 		.word	.L45
 663 00f0 32020000 		.word	.L45
 664 00f4 32020000 		.word	.L45
 665 00f8 C0010000 		.word	.L52
 666 00fc 6C010000 		.word	.L51
 667 0100 32020000 		.word	.L45
 668 0104 32020000 		.word	.L45
 669 0108 32020000 		.word	.L45
 670 010c 32020000 		.word	.L45
 671 0110 6C010000 		.word	.L51
 672 0114 32020000 		.word	.L45
 673 0118 32020000 		.word	.L45
 674 011c 5E010000 		.word	.L50
 675 0120 32020000 		.word	.L45
 676 0124 32020000 		.word	.L45
 677 0128 32020000 		.word	.L45
 678 012c 86010000 		.word	.L46
 679 0130 32020000 		.word	.L45
 680 0134 32020000 		.word	.L45
 681 0138 A6010000 		.word	.L49
 682 013c 32020000 		.word	.L45
 683 0140 64010000 		.word	.L48
 684 0144 32020000 		.word	.L45
 685 0148 32020000 		.word	.L45
 686 014c 86010000 		.word	.L46
 687              		.section	.text.xil_printf
 688              	.L56:
 689 013a 2520     		movs	r0, #37
 690 013c FFF7FEFF 		bl	outbyte
 691 0140 0123     		movs	r3, #1
 692 0142 7B63     		str	r3, [r7, #52]
 693 0144 78E0     		b	.L57
 694              	.L55:
 695 0146 0C23     		movs	r3, #12
 696 0148 FB18     		adds	r3, r7, r3
 697 014a 0122     		movs	r2, #1
 698 014c 5A61     		str	r2, [r3, #20]
 699 014e 0023     		movs	r3, #0
 700 0150 7B63     		str	r3, [r7, #52]
 701 0152 71E0     		b	.L57
 702              	.L54:
 703 0154 0123     		movs	r3, #1
 704 0156 3B63     		str	r3, [r7, #48]
 705 0158 0023     		movs	r3, #0
 706 015a 7B63     		str	r3, [r7, #52]
 707 015c 6CE0     		b	.L57
 708              	.L50:
 709 015e 0023     		movs	r3, #0
 710 0160 7B63     		str	r3, [r7, #52]
 711 0162 69E0     		b	.L57
 712              	.L48:
 713 0164 0C23     		movs	r3, #12
 714 0166 FB18     		adds	r3, r7, r3
 715 0168 0122     		movs	r2, #1
 716 016a 9A61     		str	r2, [r3, #24]
 717              	.L51:
 718 016c BB68     		ldr	r3, [r7, #8]
 719 016e 1A1D     		adds	r2, r3, #4
 720 0170 BA60     		str	r2, [r7, #8]
 721 0172 1B68     		ldr	r3, [r3]
 722 0174 0C22     		movs	r2, #12
 723 0176 BA18     		adds	r2, r7, r2
 724 0178 0A21     		movs	r1, #10
 725 017a 1800     		movs	r0, r3
 726 017c FFF7FEFF 		bl	outnum
 727 0180 0123     		movs	r3, #1
 728 0182 7B63     		str	r3, [r7, #52]
 729 0184 58E0     		b	.L57
 730              	.L46:
 731 0186 0C21     		movs	r1, #12
 732 0188 7B18     		adds	r3, r7, r1
 733 018a 0122     		movs	r2, #1
 734 018c 9A61     		str	r2, [r3, #24]
 735 018e BB68     		ldr	r3, [r7, #8]
 736 0190 1A1D     		adds	r2, r3, #4
 737 0192 BA60     		str	r2, [r7, #8]
 738 0194 1B68     		ldr	r3, [r3]
 739 0196 7A18     		adds	r2, r7, r1
 740 0198 1021     		movs	r1, #16
 741 019a 1800     		movs	r0, r3
 742 019c FFF7FEFF 		bl	outnum
 743 01a0 0123     		movs	r3, #1
 744 01a2 7B63     		str	r3, [r7, #52]
 745 01a4 48E0     		b	.L57
 746              	.L49:
 747 01a6 BB68     		ldr	r3, [r7, #8]
 748 01a8 1A1D     		adds	r2, r3, #4
 749 01aa BA60     		str	r2, [r7, #8]
 750 01ac 1B68     		ldr	r3, [r3]
 751 01ae 0C22     		movs	r2, #12
 752 01b0 BA18     		adds	r2, r7, r2
 753 01b2 1100     		movs	r1, r2
 754 01b4 1800     		movs	r0, r3
 755 01b6 FFF7FEFF 		bl	outs
 756 01ba 0123     		movs	r3, #1
 757 01bc 7B63     		str	r3, [r7, #52]
 758 01be 3BE0     		b	.L57
 759              	.L52:
 760 01c0 BB68     		ldr	r3, [r7, #8]
 761 01c2 1A1D     		adds	r2, r3, #4
 762 01c4 BA60     		str	r2, [r7, #8]
 763 01c6 1B68     		ldr	r3, [r3]
 764 01c8 5BB2     		sxtb	r3, r3
 765 01ca 1800     		movs	r0, r3
 766 01cc FFF7FEFF 		bl	outbyte
 767 01d0 0123     		movs	r3, #1
 768 01d2 7B63     		str	r3, [r7, #52]
 769 01d4 30E0     		b	.L57
 770              	.L53:
 771 01d6 7B68     		ldr	r3, [r7, #4]
 772 01d8 1B78     		ldrb	r3, [r3]
 773 01da 5BB2     		sxtb	r3, r3
 774 01dc 722B     		cmp	r3, #114
 775 01de 10D0     		beq	.L58
 776 01e0 1ADC     		bgt	.L59
 777 01e2 6E2B     		cmp	r3, #110
 778 01e4 11D0     		beq	.L60
 779 01e6 17DC     		bgt	.L59
 780 01e8 612B     		cmp	r3, #97
 781 01ea 02D0     		beq	.L61
 782 01ec 682B     		cmp	r3, #104
 783 01ee 04D0     		beq	.L62
 784 01f0 12E0     		b	.L59
 785              	.L61:
 786 01f2 0720     		movs	r0, #7
 787 01f4 FFF7FEFF 		bl	outbyte
 788 01f8 15E0     		b	.L63
 789              	.L62:
 790 01fa 0820     		movs	r0, #8
 791 01fc FFF7FEFF 		bl	outbyte
 792 0200 11E0     		b	.L63
 793              	.L58:
 794 0202 0D20     		movs	r0, #13
 795 0204 FFF7FEFF 		bl	outbyte
 796 0208 0DE0     		b	.L63
 797              	.L60:
 798 020a 0D20     		movs	r0, #13
 799 020c FFF7FEFF 		bl	outbyte
 800 0210 0A20     		movs	r0, #10
 801 0212 FFF7FEFF 		bl	outbyte
 802 0216 06E0     		b	.L63
 803              	.L59:
 804 0218 7B68     		ldr	r3, [r7, #4]
 805 021a 1B78     		ldrb	r3, [r3]
 806 021c 5BB2     		sxtb	r3, r3
 807 021e 1800     		movs	r0, r3
 808 0220 FFF7FEFF 		bl	outbyte
 809 0224 C046     		nop
 810              	.L63:
 811 0226 7B68     		ldr	r3, [r7, #4]
 812 0228 0133     		adds	r3, r3, #1
 813 022a 7B60     		str	r3, [r7, #4]
 814 022c 0023     		movs	r3, #0
 815 022e 7B63     		str	r3, [r7, #52]
 816 0230 02E0     		b	.L57
 817              	.L45:
 818 0232 0123     		movs	r3, #1
 819 0234 7B63     		str	r3, [r7, #52]
 820 0236 C046     		nop
 821              	.L57:
 822 0238 7B6B     		ldr	r3, [r7, #52]
 823 023a 012B     		cmp	r3, #1
 824 023c 00D0     		beq	.LCB792
 825 023e 10E7     		b	.L33	@long jump
 826              	.LCB792:
 827 0240 7B68     		ldr	r3, [r7, #4]
 828 0242 002B     		cmp	r3, #0
 829 0244 02D0     		beq	.L31
 830 0246 7B68     		ldr	r3, [r7, #4]
 831 0248 0133     		adds	r3, r3, #1
 832 024a 7B60     		str	r3, [r7, #4]
 833              	.L31:
 834 024c 7B68     		ldr	r3, [r7, #4]
 835 024e 002B     		cmp	r3, #0
 836 0250 05D0     		beq	.L68
 837 0252 7B68     		ldr	r3, [r7, #4]
 838 0254 1B78     		ldrb	r3, [r3]
 839 0256 5BB2     		sxtb	r3, r3
 840 0258 002B     		cmp	r3, #0
 841 025a 00D0     		beq	.LCB808
 842 025c DAE6     		b	.L67	@long jump
 843              	.LCB808:
 844              	.L68:
 845 025e C046     		nop
 846 0260 BD46     		mov	sp, r7
 847 0262 0EB0     		add	sp, sp, #56
 848              		@ sp needed
 849 0264 80BC     		pop	{r7}
 850 0266 08BC     		pop	{r3}
 851 0268 04B0     		add	sp, sp, #16
 852 026a 1847     		bx	r3
 853              	.L70:
 854              		.align	2
 855              	.L69:
 856 026c FF7F0000 		.word	32767
 857 0270 00000000 		.word	_ctype_
 858 0274 00000000 		.word	.L47
 860              		.ident	"GCC: (GNU Tools for Arm Embedded Processors 9-2019-q4-major) 9.2.1 20191025 (release) [ARM
DEFINED SYMBOLS
                            *ABS*:00000000 xil_printf.c
C:\Users\jl241\AppData\Local\Temp\cc0M9dyh.s:14     .text.padding:00000000 $t
C:\Users\jl241\AppData\Local\Temp\cc0M9dyh.s:21     .text.padding:00000000 padding
C:\Users\jl241\AppData\Local\Temp\cc0M9dyh.s:69     .text.outs:00000000 $t
C:\Users\jl241\AppData\Local\Temp\cc0M9dyh.s:75     .text.outs:00000000 outs
C:\Users\jl241\AppData\Local\Temp\cc0M9dyh.s:147    .rodata:00000000 $d
C:\Users\jl241\AppData\Local\Temp\cc0M9dyh.s:151    .text.outnum:00000000 $t
C:\Users\jl241\AppData\Local\Temp\cc0M9dyh.s:157    .text.outnum:00000000 outnum
C:\Users\jl241\AppData\Local\Temp\cc0M9dyh.s:314    .text.outnum:00000128 $d
C:\Users\jl241\AppData\Local\Temp\cc0M9dyh.s:317    .text.getnum:00000000 $t
C:\Users\jl241\AppData\Local\Temp\cc0M9dyh.s:323    .text.getnum:00000000 getnum
C:\Users\jl241\AppData\Local\Temp\cc0M9dyh.s:419    .text.getnum:000000ac $d
C:\Users\jl241\AppData\Local\Temp\cc0M9dyh.s:422    .text.xil_printf:00000000 $t
C:\Users\jl241\AppData\Local\Temp\cc0M9dyh.s:429    .text.xil_printf:00000000 xil_printf
C:\Users\jl241\AppData\Local\Temp\cc0M9dyh.s:601    .rodata.xil_printf:00000000 $d
C:\Users\jl241\AppData\Local\Temp\cc0M9dyh.s:856    .text.xil_printf:0000026c $d

UNDEFINED SYMBOLS
outbyte
strlen
__aeabi_uidivmod
__aeabi_uidiv
_ctype_
