   1              		.cpu cortex-m1
   2              		.eabi_attribute 20, 1
   3              		.eabi_attribute 21, 1
   4              		.eabi_attribute 23, 3
   5              		.eabi_attribute 24, 1
   6              		.eabi_attribute 25, 1
   7              		.eabi_attribute 26, 1
   8              		.eabi_attribute 30, 6
   9              		.eabi_attribute 34, 0
  10              		.eabi_attribute 18, 4
  11              		.file	"system.c"
  12              		.text
  13              		.global	SystemCoreClock
  14              		.section	.data.SystemCoreClock,"aw"
  15              		.align	2
  18              	SystemCoreClock:
  19 0000 40787D01 		.word	25000000
  20              		.section	.text.SystemCoreClockUpdate,"ax",%progbits
  21              		.align	1
  22              		.global	SystemCoreClockUpdate
  23              		.arch armv6s-m
  24              		.syntax unified
  25              		.code	16
  26              		.thumb_func
  27              		.fpu softvfp
  29              	SystemCoreClockUpdate:
  30              		@ args = 0, pretend = 0, frame = 0
  31              		@ frame_needed = 1, uses_anonymous_args = 0
  32 0000 80B5     		push	{r7, lr}
  33 0002 00AF     		add	r7, sp, #0
  34 0004 024B     		ldr	r3, .L2
  35 0006 034A     		ldr	r2, .L2+4
  36 0008 1A60     		str	r2, [r3]
  37 000a C046     		nop
  38 000c BD46     		mov	sp, r7
  39              		@ sp needed
  40 000e 80BD     		pop	{r7, pc}
  41              	.L3:
  42              		.align	2
  43              	.L2:
  44 0010 00000000 		.word	SystemCoreClock
  45 0014 40787D01 		.word	25000000
  47              		.section	.text.SystemInit,"ax",%progbits
  48              		.align	1
  49              		.global	SystemInit
  50              		.syntax unified
  51              		.code	16
  52              		.thumb_func
  53              		.fpu softvfp
  55              	SystemInit:
  56              		@ args = 0, pretend = 0, frame = 0
  57              		@ frame_needed = 1, uses_anonymous_args = 0
  58 0000 80B5     		push	{r7, lr}
  59 0002 00AF     		add	r7, sp, #0
  60 0004 024B     		ldr	r3, .L5
  61 0006 034A     		ldr	r2, .L5+4
  62 0008 1A60     		str	r2, [r3]
  63 000a C046     		nop
  64 000c BD46     		mov	sp, r7
  65              		@ sp needed
  66 000e 80BD     		pop	{r7, pc}
  67              	.L6:
  68              		.align	2
  69              	.L5:
  70 0010 00000000 		.word	SystemCoreClock
  71 0014 40787D01 		.word	25000000
  73              		.ident	"GCC: (GNU Tools for Arm Embedded Processors 9-2019-q4-major) 9.2.1 20191025 (release) [ARM
DEFINED SYMBOLS
                            *ABS*:00000000 system.c
C:\Users\jl241\AppData\Local\Temp\ccLByXS7.s:18     .data.SystemCoreClock:00000000 SystemCoreClock
C:\Users\jl241\AppData\Local\Temp\ccLByXS7.s:15     .data.SystemCoreClock:00000000 $d
C:\Users\jl241\AppData\Local\Temp\ccLByXS7.s:21     .text.SystemCoreClockUpdate:00000000 $t
C:\Users\jl241\AppData\Local\Temp\ccLByXS7.s:29     .text.SystemCoreClockUpdate:00000000 SystemCoreClockUpdate
C:\Users\jl241\AppData\Local\Temp\ccLByXS7.s:44     .text.SystemCoreClockUpdate:00000010 $d
C:\Users\jl241\AppData\Local\Temp\ccLByXS7.s:48     .text.SystemInit:00000000 $t
C:\Users\jl241\AppData\Local\Temp\ccLByXS7.s:55     .text.SystemInit:00000000 SystemInit
C:\Users\jl241\AppData\Local\Temp\ccLByXS7.s:70     .text.SystemInit:00000010 $d

NO UNDEFINED SYMBOLS
