   1              		.cpu cortex-m1
   2              		.eabi_attribute 20, 1
   3              		.eabi_attribute 21, 1
   4              		.eabi_attribute 23, 3
   5              		.eabi_attribute 24, 1
   6              		.eabi_attribute 25, 1
   7              		.eabi_attribute 26, 1
   8              		.eabi_attribute 30, 6
   9              		.eabi_attribute 34, 0
  10              		.eabi_attribute 18, 4
  11              		.file	"main.c"
  12              		.text
  13              		.section	.rodata
  14              		.align	2
  15              	.LC0:
  16 0000 48656C6C 		.ascii	"Hello from CM1-1\015\012\000"
  16      6F206672 
  16      6F6D2043 
  16      4D312D31 
  16      0D0A00
  17              		.section	.text.main,"ax",%progbits
  18              		.align	1
  19              		.global	main
  20              		.arch armv6s-m
  21              		.syntax unified
  22              		.code	16
  23              		.thumb_func
  24              		.fpu softvfp
  26              	main:
  27              		@ args = 0, pretend = 0, frame = 0
  28              		@ frame_needed = 1, uses_anonymous_args = 0
  29 0000 80B5     		push	{r7, lr}
  30 0002 00AF     		add	r7, sp, #0
  31 0004 034B     		ldr	r3, .L3
  32 0006 1800     		movs	r0, r3
  33 0008 FFF7FEFF 		bl	print
  34 000c FFF7FEFF 		bl	commApi
  35              	.L2:
  36 0010 FEE7     		b	.L2
  37              	.L4:
  38 0012 C046     		.align	2
  39              	.L3:
  40 0014 00000000 		.word	.LC0
  42              		.ident	"GCC: (GNU Tools for Arm Embedded Processors 9-2019-q4-major) 9.2.1 20191025 (release) [ARM
DEFINED SYMBOLS
                            *ABS*:00000000 main.c
C:\Users\jl241\AppData\Local\Temp\ccKU3TEp.s:14     .rodata:00000000 $d
C:\Users\jl241\AppData\Local\Temp\ccKU3TEp.s:18     .text.main:00000000 $t
C:\Users\jl241\AppData\Local\Temp\ccKU3TEp.s:26     .text.main:00000000 main
C:\Users\jl241\AppData\Local\Temp\ccKU3TEp.s:40     .text.main:00000014 $d

UNDEFINED SYMBOLS
print
commApi
