   1              		.cpu cortex-m1
   2              		.eabi_attribute 20, 1
   3              		.eabi_attribute 21, 1
   4              		.eabi_attribute 23, 3
   5              		.eabi_attribute 24, 1
   6              		.eabi_attribute 25, 1
   7              		.eabi_attribute 26, 1
   8              		.eabi_attribute 30, 6
   9              		.eabi_attribute 34, 0
  10              		.eabi_attribute 18, 4
  11              		.file	"gpio.c"
  12              		.text
  13              		.section	.text.NVIC_ClearPendingIRQ,"ax",%progbits
  14              		.align	1
  15              		.arch armv6s-m
  16              		.syntax unified
  17              		.code	16
  18              		.thumb_func
  19              		.fpu softvfp
  21              	NVIC_ClearPendingIRQ:
  22              		@ args = 0, pretend = 0, frame = 8
  23              		@ frame_needed = 1, uses_anonymous_args = 0
  24 0000 80B5     		push	{r7, lr}
  25 0002 82B0     		sub	sp, sp, #8
  26 0004 00AF     		add	r7, sp, #0
  27 0006 0200     		movs	r2, r0
  28 0008 FB1D     		adds	r3, r7, #7
  29 000a 1A70     		strb	r2, [r3]
  30 000c FB1D     		adds	r3, r7, #7
  31 000e 1B78     		ldrb	r3, [r3]
  32 0010 1A00     		movs	r2, r3
  33 0012 1F23     		movs	r3, #31
  34 0014 1340     		ands	r3, r2
  35 0016 0122     		movs	r2, #1
  36 0018 9A40     		lsls	r2, r2, r3
  37 001a 1300     		movs	r3, r2
  38 001c 044A     		ldr	r2, .L2
  39 001e 1900     		movs	r1, r3
  40 0020 C023     		movs	r3, #192
  41 0022 5B00     		lsls	r3, r3, #1
  42 0024 D150     		str	r1, [r2, r3]
  43 0026 C046     		nop
  44 0028 BD46     		mov	sp, r7
  45 002a 02B0     		add	sp, sp, #8
  46              		@ sp needed
  47 002c 80BD     		pop	{r7, pc}
  48              	.L3:
  49 002e C046     		.align	2
  50              	.L2:
  51 0030 00E100E0 		.word	-536813312
  53              		.section	.data.output,"aw"
  56              	output:
  57 0000 01       		.byte	1
  58              		.section	.bss.evList,"aw",%nobits
  59              		.align	2
  62              	evList:
  63 0000 00000000 		.space	10
  63      00000000 
  63      0000
  64              		.section	.bss.evIn,"aw",%nobits
  65              		.align	2
  68              	evIn:
  69 0000 00000000 		.space	4
  70              		.section	.bss.evOut,"aw",%nobits
  71              		.align	2
  74              	evOut:
  75 0000 00000000 		.space	4
  76              		.section	.bss.evCnt,"aw",%nobits
  77              		.align	2
  80              	evCnt:
  81 0000 00000000 		.space	4
  82              		.global	gpio_0_data
  83              		.section	.data.gpio_0_data,"aw"
  84              		.align	2
  87              	gpio_0_data:
  88 0000 00000040 		.word	1073741824
  89              		.global	gpio_0_tri
  90              		.section	.data.gpio_0_tri,"aw"
  91              		.align	2
  94              	gpio_0_tri:
  95 0000 04000040 		.word	1073741828
  96              		.global	gpio_0_gier
  97              		.section	.data.gpio_0_gier,"aw"
  98              		.align	2
 101              	gpio_0_gier:
 102 0000 1C010040 		.word	1073742108
 103              		.global	gpio_0_ier
 104              		.section	.data.gpio_0_ier,"aw"
 105              		.align	2
 108              	gpio_0_ier:
 109 0000 28010040 		.word	1073742120
 110              		.global	gpio_0_isr
 111              		.section	.data.gpio_0_isr,"aw"
 112              		.align	2
 115              	gpio_0_isr:
 116 0000 20010040 		.word	1073742112
 117              		.section	.text.gpio_0_write,"ax",%progbits
 118              		.align	1
 119              		.global	gpio_0_write
 120              		.syntax unified
 121              		.code	16
 122              		.thumb_func
 123              		.fpu softvfp
 125              	gpio_0_write:
 126              		@ args = 0, pretend = 0, frame = 8
 127              		@ frame_needed = 1, uses_anonymous_args = 0
 128 0000 80B5     		push	{r7, lr}
 129 0002 82B0     		sub	sp, sp, #8
 130 0004 00AF     		add	r7, sp, #0
 131 0006 7860     		str	r0, [r7, #4]
 132 0008 034B     		ldr	r3, .L5
 133 000a 1B68     		ldr	r3, [r3]
 134 000c 7A68     		ldr	r2, [r7, #4]
 135 000e 1A60     		str	r2, [r3]
 136 0010 C046     		nop
 137 0012 BD46     		mov	sp, r7
 138 0014 02B0     		add	sp, sp, #8
 139              		@ sp needed
 140 0016 80BD     		pop	{r7, pc}
 141              	.L6:
 142              		.align	2
 143              	.L5:
 144 0018 00000000 		.word	gpio_0_data
 146              		.section	.text.gpio_0_read,"ax",%progbits
 147              		.align	1
 148              		.global	gpio_0_read
 149              		.syntax unified
 150              		.code	16
 151              		.thumb_func
 152              		.fpu softvfp
 154              	gpio_0_read:
 155              		@ args = 0, pretend = 0, frame = 0
 156              		@ frame_needed = 1, uses_anonymous_args = 0
 157 0000 80B5     		push	{r7, lr}
 158 0002 00AF     		add	r7, sp, #0
 159 0004 024B     		ldr	r3, .L9
 160 0006 1B68     		ldr	r3, [r3]
 161 0008 1B68     		ldr	r3, [r3]
 162 000a 1800     		movs	r0, r3
 163 000c BD46     		mov	sp, r7
 164              		@ sp needed
 165 000e 80BD     		pop	{r7, pc}
 166              	.L10:
 167              		.align	2
 168              	.L9:
 169 0010 00000000 		.word	gpio_0_data
 171              		.section	.text.gpio_0_mask,"ax",%progbits
 172              		.align	1
 173              		.global	gpio_0_mask
 174              		.syntax unified
 175              		.code	16
 176              		.thumb_func
 177              		.fpu softvfp
 179              	gpio_0_mask:
 180              		@ args = 0, pretend = 0, frame = 8
 181              		@ frame_needed = 1, uses_anonymous_args = 0
 182 0000 80B5     		push	{r7, lr}
 183 0002 82B0     		sub	sp, sp, #8
 184 0004 00AF     		add	r7, sp, #0
 185 0006 7860     		str	r0, [r7, #4]
 186 0008 034B     		ldr	r3, .L12
 187 000a 1B68     		ldr	r3, [r3]
 188 000c 7A68     		ldr	r2, [r7, #4]
 189 000e 1A60     		str	r2, [r3]
 190 0010 C046     		nop
 191 0012 BD46     		mov	sp, r7
 192 0014 02B0     		add	sp, sp, #8
 193              		@ sp needed
 194 0016 80BD     		pop	{r7, pc}
 195              	.L13:
 196              		.align	2
 197              	.L12:
 198 0018 00000000 		.word	gpio_0_tri
 200              		.section	.text.gpio_0_devIntEnable,"ax",%progbits
 201              		.align	1
 202              		.global	gpio_0_devIntEnable
 203              		.syntax unified
 204              		.code	16
 205              		.thumb_func
 206              		.fpu softvfp
 208              	gpio_0_devIntEnable:
 209              		@ args = 0, pretend = 0, frame = 0
 210              		@ frame_needed = 1, uses_anonymous_args = 0
 211 0000 80B5     		push	{r7, lr}
 212 0002 00AF     		add	r7, sp, #0
 213 0004 034B     		ldr	r3, .L15
 214 0006 1B68     		ldr	r3, [r3]
 215 0008 8022     		movs	r2, #128
 216 000a 1206     		lsls	r2, r2, #24
 217 000c 1A60     		str	r2, [r3]
 218 000e C046     		nop
 219 0010 BD46     		mov	sp, r7
 220              		@ sp needed
 221 0012 80BD     		pop	{r7, pc}
 222              	.L16:
 223              		.align	2
 224              	.L15:
 225 0014 00000000 		.word	gpio_0_gier
 227              		.section	.text.gpio_0_devIntDisable,"ax",%progbits
 228              		.align	1
 229              		.global	gpio_0_devIntDisable
 230              		.syntax unified
 231              		.code	16
 232              		.thumb_func
 233              		.fpu softvfp
 235              	gpio_0_devIntDisable:
 236              		@ args = 0, pretend = 0, frame = 0
 237              		@ frame_needed = 1, uses_anonymous_args = 0
 238 0000 80B5     		push	{r7, lr}
 239 0002 00AF     		add	r7, sp, #0
 240 0004 034B     		ldr	r3, .L18
 241 0006 1B68     		ldr	r3, [r3]
 242 0008 0022     		movs	r2, #0
 243 000a 1A60     		str	r2, [r3]
 244 000c C046     		nop
 245 000e BD46     		mov	sp, r7
 246              		@ sp needed
 247 0010 80BD     		pop	{r7, pc}
 248              	.L19:
 249 0012 C046     		.align	2
 250              	.L18:
 251 0014 00000000 		.word	gpio_0_gier
 253              		.section	.text.gpio_0_chIntEnable,"ax",%progbits
 254              		.align	1
 255              		.global	gpio_0_chIntEnable
 256              		.syntax unified
 257              		.code	16
 258              		.thumb_func
 259              		.fpu softvfp
 261              	gpio_0_chIntEnable:
 262              		@ args = 0, pretend = 0, frame = 8
 263              		@ frame_needed = 1, uses_anonymous_args = 0
 264 0000 80B5     		push	{r7, lr}
 265 0002 82B0     		sub	sp, sp, #8
 266 0004 00AF     		add	r7, sp, #0
 267 0006 7860     		str	r0, [r7, #4]
 268 0008 054B     		ldr	r3, .L21
 269 000a 1B68     		ldr	r3, [r3]
 270 000c 1968     		ldr	r1, [r3]
 271 000e 7A68     		ldr	r2, [r7, #4]
 272 0010 034B     		ldr	r3, .L21
 273 0012 1B68     		ldr	r3, [r3]
 274 0014 0A43     		orrs	r2, r1
 275 0016 1A60     		str	r2, [r3]
 276 0018 C046     		nop
 277 001a BD46     		mov	sp, r7
 278 001c 02B0     		add	sp, sp, #8
 279              		@ sp needed
 280 001e 80BD     		pop	{r7, pc}
 281              	.L22:
 282              		.align	2
 283              	.L21:
 284 0020 00000000 		.word	gpio_0_ier
 286              		.section	.text.gpio_0_chIntDisable,"ax",%progbits
 287              		.align	1
 288              		.global	gpio_0_chIntDisable
 289              		.syntax unified
 290              		.code	16
 291              		.thumb_func
 292              		.fpu softvfp
 294              	gpio_0_chIntDisable:
 295              		@ args = 0, pretend = 0, frame = 8
 296              		@ frame_needed = 1, uses_anonymous_args = 0
 297 0000 80B5     		push	{r7, lr}
 298 0002 82B0     		sub	sp, sp, #8
 299 0004 00AF     		add	r7, sp, #0
 300 0006 7860     		str	r0, [r7, #4]
 301 0008 064B     		ldr	r3, .L24
 302 000a 1B68     		ldr	r3, [r3]
 303 000c 1A68     		ldr	r2, [r3]
 304 000e 7B68     		ldr	r3, [r7, #4]
 305 0010 DB43     		mvns	r3, r3
 306 0012 1900     		movs	r1, r3
 307 0014 034B     		ldr	r3, .L24
 308 0016 1B68     		ldr	r3, [r3]
 309 0018 0A40     		ands	r2, r1
 310 001a 1A60     		str	r2, [r3]
 311 001c C046     		nop
 312 001e BD46     		mov	sp, r7
 313 0020 02B0     		add	sp, sp, #8
 314              		@ sp needed
 315 0022 80BD     		pop	{r7, pc}
 316              	.L25:
 317              		.align	2
 318              	.L24:
 319 0024 00000000 		.word	gpio_0_ier
 321              		.section	.text.gpio_0_intStatus,"ax",%progbits
 322              		.align	1
 323              		.global	gpio_0_intStatus
 324              		.syntax unified
 325              		.code	16
 326              		.thumb_func
 327              		.fpu softvfp
 329              	gpio_0_intStatus:
 330              		@ args = 0, pretend = 0, frame = 0
 331              		@ frame_needed = 1, uses_anonymous_args = 0
 332 0000 80B5     		push	{r7, lr}
 333 0002 00AF     		add	r7, sp, #0
 334 0004 024B     		ldr	r3, .L28
 335 0006 1B68     		ldr	r3, [r3]
 336 0008 1B68     		ldr	r3, [r3]
 337 000a 1800     		movs	r0, r3
 338 000c BD46     		mov	sp, r7
 339              		@ sp needed
 340 000e 80BD     		pop	{r7, pc}
 341              	.L29:
 342              		.align	2
 343              	.L28:
 344 0010 00000000 		.word	gpio_0_isr
 346              		.section	.text.gpio_0_clrInt,"ax",%progbits
 347              		.align	1
 348              		.global	gpio_0_clrInt
 349              		.syntax unified
 350              		.code	16
 351              		.thumb_func
 352              		.fpu softvfp
 354              	gpio_0_clrInt:
 355              		@ args = 0, pretend = 0, frame = 8
 356              		@ frame_needed = 1, uses_anonymous_args = 0
 357 0000 80B5     		push	{r7, lr}
 358 0002 82B0     		sub	sp, sp, #8
 359 0004 00AF     		add	r7, sp, #0
 360 0006 7860     		str	r0, [r7, #4]
 361 0008 034B     		ldr	r3, .L31
 362 000a 1B68     		ldr	r3, [r3]
 363 000c 7A68     		ldr	r2, [r7, #4]
 364 000e 1A60     		str	r2, [r3]
 365 0010 C046     		nop
 366 0012 BD46     		mov	sp, r7
 367 0014 02B0     		add	sp, sp, #8
 368              		@ sp needed
 369 0016 80BD     		pop	{r7, pc}
 370              	.L32:
 371              		.align	2
 372              	.L31:
 373 0018 00000000 		.word	gpio_0_isr
 375              		.section	.text.gpioInit,"ax",%progbits
 376              		.align	1
 377              		.global	gpioInit
 378              		.syntax unified
 379              		.code	16
 380              		.thumb_func
 381              		.fpu softvfp
 383              	gpioInit:
 384              		@ args = 0, pretend = 0, frame = 0
 385              		@ frame_needed = 1, uses_anonymous_args = 0
 386 0000 80B5     		push	{r7, lr}
 387 0002 00AF     		add	r7, sp, #0
 388 0004 034B     		ldr	r3, .L34
 389 0006 0122     		movs	r2, #1
 390 0008 1A70     		strb	r2, [r3]
 391 000a FFF7FEFF 		bl	gpioClrEvQueue
 392 000e C046     		nop
 393 0010 BD46     		mov	sp, r7
 394              		@ sp needed
 395 0012 80BD     		pop	{r7, pc}
 396              	.L35:
 397              		.align	2
 398              	.L34:
 399 0014 00000000 		.word	output
 401              		.section	.text.gpioClrEvQueue,"ax",%progbits
 402              		.align	1
 403              		.global	gpioClrEvQueue
 404              		.syntax unified
 405              		.code	16
 406              		.thumb_func
 407              		.fpu softvfp
 409              	gpioClrEvQueue:
 410              		@ args = 0, pretend = 0, frame = 0
 411              		@ frame_needed = 1, uses_anonymous_args = 0
 412 0000 80B5     		push	{r7, lr}
 413 0002 00AF     		add	r7, sp, #0
 414 0004 054B     		ldr	r3, .L37
 415 0006 0022     		movs	r2, #0
 416 0008 1A60     		str	r2, [r3]
 417 000a 054B     		ldr	r3, .L37+4
 418 000c 0022     		movs	r2, #0
 419 000e 1A60     		str	r2, [r3]
 420 0010 044B     		ldr	r3, .L37+8
 421 0012 0022     		movs	r2, #0
 422 0014 1A60     		str	r2, [r3]
 423 0016 C046     		nop
 424 0018 BD46     		mov	sp, r7
 425              		@ sp needed
 426 001a 80BD     		pop	{r7, pc}
 427              	.L38:
 428              		.align	2
 429              	.L37:
 430 001c 00000000 		.word	evIn
 431 0020 00000000 		.word	evOut
 432 0024 00000000 		.word	evCnt
 434              		.section	.text.gpioRead,"ax",%progbits
 435              		.align	1
 436              		.global	gpioRead
 437              		.syntax unified
 438              		.code	16
 439              		.thumb_func
 440              		.fpu softvfp
 442              	gpioRead:
 443              		@ args = 0, pretend = 0, frame = 16
 444              		@ frame_needed = 1, uses_anonymous_args = 0
 445 0000 80B5     		push	{r7, lr}
 446 0002 84B0     		sub	sp, sp, #16
 447 0004 00AF     		add	r7, sp, #0
 448 0006 0200     		movs	r2, r0
 449 0008 FB1D     		adds	r3, r7, #7
 450 000a 1A70     		strb	r2, [r3]
 451 000c FFF7FEFF 		bl	gpio_0_read
 452 0010 0300     		movs	r3, r0
 453 0012 FB60     		str	r3, [r7, #12]
 454 0014 FB1D     		adds	r3, r7, #7
 455 0016 1B78     		ldrb	r3, [r3]
 456 0018 022B     		cmp	r3, #2
 457 001a 01D1     		bne	.L40
 458 001c FB68     		ldr	r3, [r7, #12]
 459 001e 09E0     		b	.L41
 460              	.L40:
 461 0020 FB1D     		adds	r3, r7, #7
 462 0022 1B78     		ldrb	r3, [r3]
 463 0024 012B     		cmp	r3, #1
 464 0026 03D1     		bne	.L42
 465 0028 FB68     		ldr	r3, [r7, #12]
 466 002a 0122     		movs	r2, #1
 467 002c 1340     		ands	r3, r2
 468 002e 01E0     		b	.L41
 469              	.L42:
 470 0030 0123     		movs	r3, #1
 471 0032 5B42     		rsbs	r3, r3, #0
 472              	.L41:
 473 0034 1800     		movs	r0, r3
 474 0036 BD46     		mov	sp, r7
 475 0038 04B0     		add	sp, sp, #16
 476              		@ sp needed
 477 003a 80BD     		pop	{r7, pc}
 479              		.section	.text.gpioWrite,"ax",%progbits
 480              		.align	1
 481              		.global	gpioWrite
 482              		.syntax unified
 483              		.code	16
 484              		.thumb_func
 485              		.fpu softvfp
 487              	gpioWrite:
 488              		@ args = 0, pretend = 0, frame = 8
 489              		@ frame_needed = 1, uses_anonymous_args = 0
 490 0000 80B5     		push	{r7, lr}
 491 0002 82B0     		sub	sp, sp, #8
 492 0004 00AF     		add	r7, sp, #0
 493 0006 0200     		movs	r2, r0
 494 0008 3960     		str	r1, [r7]
 495 000a FB1D     		adds	r3, r7, #7
 496 000c 1A70     		strb	r2, [r3]
 497 000e FB1D     		adds	r3, r7, #7
 498 0010 1B78     		ldrb	r3, [r3]
 499 0012 032B     		cmp	r3, #3
 500 0014 27D0     		beq	.L49
 501 0016 28DC     		bgt	.L50
 502 0018 012B     		cmp	r3, #1
 503 001a 02D0     		beq	.L46
 504 001c 022B     		cmp	r3, #2
 505 001e 10D0     		beq	.L47
 506 0020 23E0     		b	.L50
 507              	.L46:
 508 0022 174B     		ldr	r3, .L51
 509 0024 1B78     		ldrb	r3, [r3]
 510 0026 0122     		movs	r2, #1
 511 0028 9343     		bics	r3, r2
 512 002a DAB2     		uxtb	r2, r3
 513 002c 144B     		ldr	r3, .L51
 514 002e 1A70     		strb	r2, [r3]
 515 0030 3B68     		ldr	r3, [r7]
 516 0032 DAB2     		uxtb	r2, r3
 517 0034 124B     		ldr	r3, .L51
 518 0036 1B78     		ldrb	r3, [r3]
 519 0038 1343     		orrs	r3, r2
 520 003a DAB2     		uxtb	r2, r3
 521 003c 104B     		ldr	r3, .L51
 522 003e 1A70     		strb	r2, [r3]
 523 0040 14E0     		b	.L48
 524              	.L47:
 525 0042 0F4B     		ldr	r3, .L51
 526 0044 1B78     		ldrb	r3, [r3]
 527 0046 0C22     		movs	r2, #12
 528 0048 9343     		bics	r3, r2
 529 004a DAB2     		uxtb	r2, r3
 530 004c 0C4B     		ldr	r3, .L51
 531 004e 1A70     		strb	r2, [r3]
 532 0050 3B68     		ldr	r3, [r7]
 533 0052 DBB2     		uxtb	r3, r3
 534 0054 9B00     		lsls	r3, r3, #2
 535 0056 DAB2     		uxtb	r2, r3
 536 0058 094B     		ldr	r3, .L51
 537 005a 1B78     		ldrb	r3, [r3]
 538 005c 1343     		orrs	r3, r2
 539 005e DAB2     		uxtb	r2, r3
 540 0060 074B     		ldr	r3, .L51
 541 0062 1A70     		strb	r2, [r3]
 542 0064 02E0     		b	.L48
 543              	.L49:
 544 0066 C046     		nop
 545 0068 00E0     		b	.L48
 546              	.L50:
 547 006a C046     		nop
 548              	.L48:
 549 006c 044B     		ldr	r3, .L51
 550 006e 1B78     		ldrb	r3, [r3]
 551 0070 1800     		movs	r0, r3
 552 0072 FFF7FEFF 		bl	gpio_0_write
 553 0076 C046     		nop
 554 0078 BD46     		mov	sp, r7
 555 007a 02B0     		add	sp, sp, #8
 556              		@ sp needed
 557 007c 80BD     		pop	{r7, pc}
 558              	.L52:
 559 007e C046     		.align	2
 560              	.L51:
 561 0080 00000000 		.word	output
 563              		.section	.text.evPush,"ax",%progbits
 564              		.align	1
 565              		.syntax unified
 566              		.code	16
 567              		.thumb_func
 568              		.fpu softvfp
 570              	evPush:
 571              		@ args = 0, pretend = 0, frame = 8
 572              		@ frame_needed = 1, uses_anonymous_args = 0
 573 0000 80B5     		push	{r7, lr}
 574 0002 82B0     		sub	sp, sp, #8
 575 0004 00AF     		add	r7, sp, #0
 576 0006 0200     		movs	r2, r0
 577 0008 FB1D     		adds	r3, r7, #7
 578 000a 1A70     		strb	r2, [r3]
 579 000c 0E4B     		ldr	r3, .L57
 580 000e 1B68     		ldr	r3, [r3]
 581 0010 092B     		cmp	r3, #9
 582 0012 14D8     		bhi	.L56
 583 0014 0D4B     		ldr	r3, .L57+4
 584 0016 1B68     		ldr	r3, [r3]
 585 0018 591C     		adds	r1, r3, #1
 586 001a 0C4A     		ldr	r2, .L57+4
 587 001c 1160     		str	r1, [r2]
 588 001e 0C4A     		ldr	r2, .L57+8
 589 0020 F91D     		adds	r1, r7, #7
 590 0022 0978     		ldrb	r1, [r1]
 591 0024 D154     		strb	r1, [r2, r3]
 592 0026 094B     		ldr	r3, .L57+4
 593 0028 1B68     		ldr	r3, [r3]
 594 002a 092B     		cmp	r3, #9
 595 002c 02D9     		bls	.L55
 596 002e 074B     		ldr	r3, .L57+4
 597 0030 0022     		movs	r2, #0
 598 0032 1A60     		str	r2, [r3]
 599              	.L55:
 600 0034 044B     		ldr	r3, .L57
 601 0036 1B68     		ldr	r3, [r3]
 602 0038 5A1C     		adds	r2, r3, #1
 603 003a 034B     		ldr	r3, .L57
 604 003c 1A60     		str	r2, [r3]
 605              	.L56:
 606 003e C046     		nop
 607 0040 BD46     		mov	sp, r7
 608 0042 02B0     		add	sp, sp, #8
 609              		@ sp needed
 610 0044 80BD     		pop	{r7, pc}
 611              	.L58:
 612 0046 C046     		.align	2
 613              	.L57:
 614 0048 00000000 		.word	evCnt
 615 004c 00000000 		.word	evIn
 616 0050 00000000 		.word	evList
 618              		.section	.text.evPop,"ax",%progbits
 619              		.align	1
 620              		.global	evPop
 621              		.syntax unified
 622              		.code	16
 623              		.thumb_func
 624              		.fpu softvfp
 626              	evPop:
 627              		@ args = 0, pretend = 0, frame = 8
 628              		@ frame_needed = 1, uses_anonymous_args = 0
 629 0000 80B5     		push	{r7, lr}
 630 0002 82B0     		sub	sp, sp, #8
 631 0004 00AF     		add	r7, sp, #0
 632 0006 104B     		ldr	r3, .L63
 633 0008 1B68     		ldr	r3, [r3]
 634 000a 002B     		cmp	r3, #0
 635 000c 17D0     		beq	.L60
 636 000e 0F4B     		ldr	r3, .L63+4
 637 0010 1B68     		ldr	r3, [r3]
 638 0012 591C     		adds	r1, r3, #1
 639 0014 0D4A     		ldr	r2, .L63+4
 640 0016 1160     		str	r1, [r2]
 641 0018 0D4A     		ldr	r2, .L63+8
 642 001a D35C     		ldrb	r3, [r2, r3]
 643 001c DBB2     		uxtb	r3, r3
 644 001e 7B60     		str	r3, [r7, #4]
 645 0020 0A4B     		ldr	r3, .L63+4
 646 0022 1B68     		ldr	r3, [r3]
 647 0024 0A2B     		cmp	r3, #10
 648 0026 02D1     		bne	.L61
 649 0028 084B     		ldr	r3, .L63+4
 650 002a 0022     		movs	r2, #0
 651 002c 1A60     		str	r2, [r3]
 652              	.L61:
 653 002e 064B     		ldr	r3, .L63
 654 0030 1B68     		ldr	r3, [r3]
 655 0032 5A1E     		subs	r2, r3, #1
 656 0034 044B     		ldr	r3, .L63
 657 0036 1A60     		str	r2, [r3]
 658 0038 7B68     		ldr	r3, [r7, #4]
 659 003a DBB2     		uxtb	r3, r3
 660 003c 00E0     		b	.L62
 661              	.L60:
 662 003e 0323     		movs	r3, #3
 663              	.L62:
 664 0040 1800     		movs	r0, r3
 665 0042 BD46     		mov	sp, r7
 666 0044 02B0     		add	sp, sp, #8
 667              		@ sp needed
 668 0046 80BD     		pop	{r7, pc}
 669              	.L64:
 670              		.align	2
 671              	.L63:
 672 0048 00000000 		.word	evCnt
 673 004c 00000000 		.word	evOut
 674 0050 00000000 		.word	evList
 676              		.section	.text.gpio0IrqHandler,"ax",%progbits
 677              		.align	1
 678              		.global	gpio0IrqHandler
 679              		.syntax unified
 680              		.code	16
 681              		.thumb_func
 682              		.fpu softvfp
 684              	gpio0IrqHandler:
 685              		@ args = 0, pretend = 0, frame = 8
 686              		@ frame_needed = 1, uses_anonymous_args = 0
 687 0000 80B5     		push	{r7, lr}
 688 0002 82B0     		sub	sp, sp, #8
 689 0004 00AF     		add	r7, sp, #0
 690 0006 FFF7FEFF 		bl	gpio_0_read
 691 000a 0300     		movs	r3, r0
 692 000c 7B60     		str	r3, [r7, #4]
 693 000e 7B68     		ldr	r3, [r7, #4]
 694 0010 0122     		movs	r2, #1
 695 0012 1340     		ands	r3, r2
 696 0014 03D0     		beq	.L66
 697 0016 0220     		movs	r0, #2
 698 0018 FFF7FEFF 		bl	evPush
 699 001c 02E0     		b	.L67
 700              	.L66:
 701 001e 0120     		movs	r0, #1
 702 0020 FFF7FEFF 		bl	evPush
 703              	.L67:
 704 0024 054B     		ldr	r3, .L68
 705 0026 1B68     		ldr	r3, [r3]
 706 0028 0122     		movs	r2, #1
 707 002a 1A60     		str	r2, [r3]
 708 002c 0020     		movs	r0, #0
 709 002e FFF7FEFF 		bl	NVIC_ClearPendingIRQ
 710 0032 C046     		nop
 711 0034 BD46     		mov	sp, r7
 712 0036 02B0     		add	sp, sp, #8
 713              		@ sp needed
 714 0038 80BD     		pop	{r7, pc}
 715              	.L69:
 716 003a C046     		.align	2
 717              	.L68:
 718 003c 00000000 		.word	gpio_0_isr
 720              		.ident	"GCC: (GNU Tools for Arm Embedded Processors 9-2019-q4-major) 9.2.1 20191025 (release) [ARM
DEFINED SYMBOLS
                            *ABS*:00000000 gpio.c
C:\Users\george\AppData\Local\Temp\ccetO1o7.s:14     .text.NVIC_ClearPendingIRQ:00000000 $t
C:\Users\george\AppData\Local\Temp\ccetO1o7.s:21     .text.NVIC_ClearPendingIRQ:00000000 NVIC_ClearPendingIRQ
C:\Users\george\AppData\Local\Temp\ccetO1o7.s:51     .text.NVIC_ClearPendingIRQ:00000030 $d
C:\Users\george\AppData\Local\Temp\ccetO1o7.s:56     .data.output:00000000 output
C:\Users\george\AppData\Local\Temp\ccetO1o7.s:59     .bss.evList:00000000 $d
C:\Users\george\AppData\Local\Temp\ccetO1o7.s:62     .bss.evList:00000000 evList
C:\Users\george\AppData\Local\Temp\ccetO1o7.s:65     .bss.evIn:00000000 $d
C:\Users\george\AppData\Local\Temp\ccetO1o7.s:68     .bss.evIn:00000000 evIn
C:\Users\george\AppData\Local\Temp\ccetO1o7.s:71     .bss.evOut:00000000 $d
C:\Users\george\AppData\Local\Temp\ccetO1o7.s:74     .bss.evOut:00000000 evOut
C:\Users\george\AppData\Local\Temp\ccetO1o7.s:77     .bss.evCnt:00000000 $d
C:\Users\george\AppData\Local\Temp\ccetO1o7.s:80     .bss.evCnt:00000000 evCnt
C:\Users\george\AppData\Local\Temp\ccetO1o7.s:87     .data.gpio_0_data:00000000 gpio_0_data
C:\Users\george\AppData\Local\Temp\ccetO1o7.s:84     .data.gpio_0_data:00000000 $d
C:\Users\george\AppData\Local\Temp\ccetO1o7.s:94     .data.gpio_0_tri:00000000 gpio_0_tri
C:\Users\george\AppData\Local\Temp\ccetO1o7.s:91     .data.gpio_0_tri:00000000 $d
C:\Users\george\AppData\Local\Temp\ccetO1o7.s:101    .data.gpio_0_gier:00000000 gpio_0_gier
C:\Users\george\AppData\Local\Temp\ccetO1o7.s:98     .data.gpio_0_gier:00000000 $d
C:\Users\george\AppData\Local\Temp\ccetO1o7.s:108    .data.gpio_0_ier:00000000 gpio_0_ier
C:\Users\george\AppData\Local\Temp\ccetO1o7.s:105    .data.gpio_0_ier:00000000 $d
C:\Users\george\AppData\Local\Temp\ccetO1o7.s:115    .data.gpio_0_isr:00000000 gpio_0_isr
C:\Users\george\AppData\Local\Temp\ccetO1o7.s:112    .data.gpio_0_isr:00000000 $d
C:\Users\george\AppData\Local\Temp\ccetO1o7.s:118    .text.gpio_0_write:00000000 $t
C:\Users\george\AppData\Local\Temp\ccetO1o7.s:125    .text.gpio_0_write:00000000 gpio_0_write
C:\Users\george\AppData\Local\Temp\ccetO1o7.s:144    .text.gpio_0_write:00000018 $d
C:\Users\george\AppData\Local\Temp\ccetO1o7.s:147    .text.gpio_0_read:00000000 $t
C:\Users\george\AppData\Local\Temp\ccetO1o7.s:154    .text.gpio_0_read:00000000 gpio_0_read
C:\Users\george\AppData\Local\Temp\ccetO1o7.s:169    .text.gpio_0_read:00000010 $d
C:\Users\george\AppData\Local\Temp\ccetO1o7.s:172    .text.gpio_0_mask:00000000 $t
C:\Users\george\AppData\Local\Temp\ccetO1o7.s:179    .text.gpio_0_mask:00000000 gpio_0_mask
C:\Users\george\AppData\Local\Temp\ccetO1o7.s:198    .text.gpio_0_mask:00000018 $d
C:\Users\george\AppData\Local\Temp\ccetO1o7.s:201    .text.gpio_0_devIntEnable:00000000 $t
C:\Users\george\AppData\Local\Temp\ccetO1o7.s:208    .text.gpio_0_devIntEnable:00000000 gpio_0_devIntEnable
C:\Users\george\AppData\Local\Temp\ccetO1o7.s:225    .text.gpio_0_devIntEnable:00000014 $d
C:\Users\george\AppData\Local\Temp\ccetO1o7.s:228    .text.gpio_0_devIntDisable:00000000 $t
C:\Users\george\AppData\Local\Temp\ccetO1o7.s:235    .text.gpio_0_devIntDisable:00000000 gpio_0_devIntDisable
C:\Users\george\AppData\Local\Temp\ccetO1o7.s:251    .text.gpio_0_devIntDisable:00000014 $d
C:\Users\george\AppData\Local\Temp\ccetO1o7.s:254    .text.gpio_0_chIntEnable:00000000 $t
C:\Users\george\AppData\Local\Temp\ccetO1o7.s:261    .text.gpio_0_chIntEnable:00000000 gpio_0_chIntEnable
C:\Users\george\AppData\Local\Temp\ccetO1o7.s:284    .text.gpio_0_chIntEnable:00000020 $d
C:\Users\george\AppData\Local\Temp\ccetO1o7.s:287    .text.gpio_0_chIntDisable:00000000 $t
C:\Users\george\AppData\Local\Temp\ccetO1o7.s:294    .text.gpio_0_chIntDisable:00000000 gpio_0_chIntDisable
C:\Users\george\AppData\Local\Temp\ccetO1o7.s:319    .text.gpio_0_chIntDisable:00000024 $d
C:\Users\george\AppData\Local\Temp\ccetO1o7.s:322    .text.gpio_0_intStatus:00000000 $t
C:\Users\george\AppData\Local\Temp\ccetO1o7.s:329    .text.gpio_0_intStatus:00000000 gpio_0_intStatus
C:\Users\george\AppData\Local\Temp\ccetO1o7.s:344    .text.gpio_0_intStatus:00000010 $d
C:\Users\george\AppData\Local\Temp\ccetO1o7.s:347    .text.gpio_0_clrInt:00000000 $t
C:\Users\george\AppData\Local\Temp\ccetO1o7.s:354    .text.gpio_0_clrInt:00000000 gpio_0_clrInt
C:\Users\george\AppData\Local\Temp\ccetO1o7.s:373    .text.gpio_0_clrInt:00000018 $d
C:\Users\george\AppData\Local\Temp\ccetO1o7.s:376    .text.gpioInit:00000000 $t
C:\Users\george\AppData\Local\Temp\ccetO1o7.s:383    .text.gpioInit:00000000 gpioInit
C:\Users\george\AppData\Local\Temp\ccetO1o7.s:409    .text.gpioClrEvQueue:00000000 gpioClrEvQueue
C:\Users\george\AppData\Local\Temp\ccetO1o7.s:399    .text.gpioInit:00000014 $d
C:\Users\george\AppData\Local\Temp\ccetO1o7.s:402    .text.gpioClrEvQueue:00000000 $t
C:\Users\george\AppData\Local\Temp\ccetO1o7.s:430    .text.gpioClrEvQueue:0000001c $d
C:\Users\george\AppData\Local\Temp\ccetO1o7.s:435    .text.gpioRead:00000000 $t
C:\Users\george\AppData\Local\Temp\ccetO1o7.s:442    .text.gpioRead:00000000 gpioRead
C:\Users\george\AppData\Local\Temp\ccetO1o7.s:480    .text.gpioWrite:00000000 $t
C:\Users\george\AppData\Local\Temp\ccetO1o7.s:487    .text.gpioWrite:00000000 gpioWrite
C:\Users\george\AppData\Local\Temp\ccetO1o7.s:561    .text.gpioWrite:00000080 $d
C:\Users\george\AppData\Local\Temp\ccetO1o7.s:564    .text.evPush:00000000 $t
C:\Users\george\AppData\Local\Temp\ccetO1o7.s:570    .text.evPush:00000000 evPush
C:\Users\george\AppData\Local\Temp\ccetO1o7.s:614    .text.evPush:00000048 $d
C:\Users\george\AppData\Local\Temp\ccetO1o7.s:619    .text.evPop:00000000 $t
C:\Users\george\AppData\Local\Temp\ccetO1o7.s:626    .text.evPop:00000000 evPop
C:\Users\george\AppData\Local\Temp\ccetO1o7.s:672    .text.evPop:00000048 $d
C:\Users\george\AppData\Local\Temp\ccetO1o7.s:677    .text.gpio0IrqHandler:00000000 $t
C:\Users\george\AppData\Local\Temp\ccetO1o7.s:684    .text.gpio0IrqHandler:00000000 gpio0IrqHandler
C:\Users\george\AppData\Local\Temp\ccetO1o7.s:718    .text.gpio0IrqHandler:0000003c $d

NO UNDEFINED SYMBOLS
