   1              		.cpu cortex-m1
   2              		.eabi_attribute 20, 1
   3              		.eabi_attribute 21, 1
   4              		.eabi_attribute 23, 3
   5              		.eabi_attribute 24, 1
   6              		.eabi_attribute 25, 1
   7              		.eabi_attribute 26, 1
   8              		.eabi_attribute 30, 6
   9              		.eabi_attribute 34, 0
  10              		.eabi_attribute 18, 4
  11              		.file	"uart.c"
  12              		.text
  13              		.section	.text.NVIC_EnableIRQ,"ax",%progbits
  14              		.align	1
  15              		.arch armv6s-m
  16              		.syntax unified
  17              		.code	16
  18              		.thumb_func
  19              		.fpu softvfp
  21              	NVIC_EnableIRQ:
  22              		@ args = 0, pretend = 0, frame = 8
  23              		@ frame_needed = 1, uses_anonymous_args = 0
  24 0000 80B5     		push	{r7, lr}
  25 0002 82B0     		sub	sp, sp, #8
  26 0004 00AF     		add	r7, sp, #0
  27 0006 0200     		movs	r2, r0
  28 0008 FB1D     		adds	r3, r7, #7
  29 000a 1A70     		strb	r2, [r3]
  30 000c FB1D     		adds	r3, r7, #7
  31 000e 1B78     		ldrb	r3, [r3]
  32 0010 1A00     		movs	r2, r3
  33 0012 1F23     		movs	r3, #31
  34 0014 1340     		ands	r3, r2
  35 0016 0122     		movs	r2, #1
  36 0018 9A40     		lsls	r2, r2, r3
  37 001a 034B     		ldr	r3, .L2
  38 001c 1A60     		str	r2, [r3]
  39 001e C046     		nop
  40 0020 BD46     		mov	sp, r7
  41 0022 02B0     		add	sp, sp, #8
  42              		@ sp needed
  43 0024 80BD     		pop	{r7, pc}
  44              	.L3:
  45 0026 C046     		.align	2
  46              	.L2:
  47 0028 00E100E0 		.word	-536813312
  49              		.section	.text.NVIC_ClearPendingIRQ,"ax",%progbits
  50              		.align	1
  51              		.syntax unified
  52              		.code	16
  53              		.thumb_func
  54              		.fpu softvfp
  56              	NVIC_ClearPendingIRQ:
  57              		@ args = 0, pretend = 0, frame = 8
  58              		@ frame_needed = 1, uses_anonymous_args = 0
  59 0000 80B5     		push	{r7, lr}
  60 0002 82B0     		sub	sp, sp, #8
  61 0004 00AF     		add	r7, sp, #0
  62 0006 0200     		movs	r2, r0
  63 0008 FB1D     		adds	r3, r7, #7
  64 000a 1A70     		strb	r2, [r3]
  65 000c FB1D     		adds	r3, r7, #7
  66 000e 1B78     		ldrb	r3, [r3]
  67 0010 1A00     		movs	r2, r3
  68 0012 1F23     		movs	r3, #31
  69 0014 1340     		ands	r3, r2
  70 0016 0122     		movs	r2, #1
  71 0018 9A40     		lsls	r2, r2, r3
  72 001a 1300     		movs	r3, r2
  73 001c 044A     		ldr	r2, .L5
  74 001e 1900     		movs	r1, r3
  75 0020 C023     		movs	r3, #192
  76 0022 5B00     		lsls	r3, r3, #1
  77 0024 D150     		str	r1, [r2, r3]
  78 0026 C046     		nop
  79 0028 BD46     		mov	sp, r7
  80 002a 02B0     		add	sp, sp, #8
  81              		@ sp needed
  82 002c 80BD     		pop	{r7, pc}
  83              	.L6:
  84 002e C046     		.align	2
  85              	.L5:
  86 0030 00E100E0 		.word	-536813312
  88              		.section	.text.NVIC_ClearAllPendingIRQ,"ax",%progbits
  89              		.align	1
  90              		.syntax unified
  91              		.code	16
  92              		.thumb_func
  93              		.fpu softvfp
  95              	NVIC_ClearAllPendingIRQ:
  96              		@ args = 0, pretend = 0, frame = 0
  97              		@ frame_needed = 1, uses_anonymous_args = 0
  98 0000 80B5     		push	{r7, lr}
  99 0002 00AF     		add	r7, sp, #0
 100 0004 0449     		ldr	r1, .L8
 101 0006 C023     		movs	r3, #192
 102 0008 5B00     		lsls	r3, r3, #1
 103 000a 0122     		movs	r2, #1
 104 000c 5242     		rsbs	r2, r2, #0
 105 000e CA50     		str	r2, [r1, r3]
 106 0010 C046     		nop
 107 0012 BD46     		mov	sp, r7
 108              		@ sp needed
 109 0014 80BD     		pop	{r7, pc}
 110              	.L9:
 111 0016 C046     		.align	2
 112              	.L8:
 113 0018 00E100E0 		.word	-536813312
 115              		.global	uartl_rx
 116              		.section	.data.uartl_rx,"aw"
 117              		.align	2
 120              	uartl_rx:
 121 0000 00006040 		.word	1080033280
 122              		.global	uartl_tx
 123              		.section	.data.uartl_tx,"aw"
 124              		.align	2
 127              	uartl_tx:
 128 0000 04006040 		.word	1080033284
 129              		.global	uartl_sr
 130              		.section	.data.uartl_sr,"aw"
 131              		.align	2
 134              	uartl_sr:
 135 0000 08006040 		.word	1080033288
 136              		.global	uartl_cr
 137              		.section	.data.uartl_cr,"aw"
 138              		.align	2
 141              	uartl_cr:
 142 0000 0C006040 		.word	1080033292
 143              		.section	.bss.txJobs,"aw",%nobits
 144              		.align	2
 147              	txJobs:
 148 0000 00000000 		.space	400
 148      00000000 
 148      00000000 
 148      00000000 
 148      00000000 
 149              		.section	.bss.txJobIn,"aw",%nobits
 150              		.align	2
 153              	txJobIn:
 154 0000 00000000 		.space	4
 155              		.section	.bss.txJobOut,"aw",%nobits
 156              		.align	2
 159              	txJobOut:
 160 0000 00000000 		.space	4
 161              		.section	.bss.txJobNum,"aw",%nobits
 162              		.align	2
 165              	txJobNum:
 166 0000 00000000 		.space	4
 167              		.section	.text.getNextIdx,"ax",%progbits
 168              		.align	1
 169              		.syntax unified
 170              		.code	16
 171              		.thumb_func
 172              		.fpu softvfp
 174              	getNextIdx:
 175              		@ args = 0, pretend = 0, frame = 8
 176              		@ frame_needed = 1, uses_anonymous_args = 0
 177 0000 80B5     		push	{r7, lr}
 178 0002 82B0     		sub	sp, sp, #8
 179 0004 00AF     		add	r7, sp, #0
 180 0006 7860     		str	r0, [r7, #4]
 181 0008 3960     		str	r1, [r7]
 182 000a 7B68     		ldr	r3, [r7, #4]
 183 000c 0133     		adds	r3, r3, #1
 184 000e 7B60     		str	r3, [r7, #4]
 185 0010 7A68     		ldr	r2, [r7, #4]
 186 0012 3B68     		ldr	r3, [r7]
 187 0014 9A42     		cmp	r2, r3
 188 0016 01D1     		bne	.L11
 189 0018 0023     		movs	r3, #0
 190 001a 00E0     		b	.L12
 191              	.L11:
 192 001c 7B68     		ldr	r3, [r7, #4]
 193              	.L12:
 194 001e 1800     		movs	r0, r3
 195 0020 BD46     		mov	sp, r7
 196 0022 02B0     		add	sp, sp, #8
 197              		@ sp needed
 198 0024 80BD     		pop	{r7, pc}
 200              		.section	.text.getTxByte,"ax",%progbits
 201              		.align	1
 202              		.syntax unified
 203              		.code	16
 204              		.thumb_func
 205              		.fpu softvfp
 207              	getTxByte:
 208              		@ args = 0, pretend = 0, frame = 16
 209              		@ frame_needed = 1, uses_anonymous_args = 0
 210 0000 80B5     		push	{r7, lr}
 211 0002 84B0     		sub	sp, sp, #16
 212 0004 00AF     		add	r7, sp, #0
 213 0006 7860     		str	r0, [r7, #4]
 214 0008 2D4B     		ldr	r3, .L19
 215 000a 1B68     		ldr	r3, [r3]
 216 000c 002B     		cmp	r3, #0
 217 000e 01D1     		bne	.L14
 218 0010 0023     		movs	r3, #0
 219 0012 50E0     		b	.L15
 220              	.L14:
 221 0014 2B4B     		ldr	r3, .L19+4
 222 0016 1B68     		ldr	r3, [r3]
 223 0018 DA00     		lsls	r2, r3, #3
 224 001a 2B4B     		ldr	r3, .L19+8
 225 001c D318     		adds	r3, r2, r3
 226 001e FB60     		str	r3, [r7, #12]
 227 0020 FB68     		ldr	r3, [r7, #12]
 228 0022 1A68     		ldr	r2, [r3]
 229 0024 FB68     		ldr	r3, [r7, #12]
 230 0026 5B68     		ldr	r3, [r3, #4]
 231 0028 D218     		adds	r2, r2, r3
 232 002a 0B21     		movs	r1, #11
 233 002c 7B18     		adds	r3, r7, r1
 234 002e 1278     		ldrb	r2, [r2]
 235 0030 1A70     		strb	r2, [r3]
 236 0032 0A00     		movs	r2, r1
 237 0034 BB18     		adds	r3, r7, r2
 238 0036 1B78     		ldrb	r3, [r3]
 239 0038 002B     		cmp	r3, #0
 240 003a 0AD0     		beq	.L16
 241 003c 7B68     		ldr	r3, [r7, #4]
 242 003e BA18     		adds	r2, r7, r2
 243 0040 1278     		ldrb	r2, [r2]
 244 0042 1A70     		strb	r2, [r3]
 245 0044 FB68     		ldr	r3, [r7, #12]
 246 0046 5B68     		ldr	r3, [r3, #4]
 247 0048 5A1C     		adds	r2, r3, #1
 248 004a FB68     		ldr	r3, [r7, #12]
 249 004c 5A60     		str	r2, [r3, #4]
 250 004e 0123     		movs	r3, #1
 251 0050 31E0     		b	.L15
 252              	.L16:
 253 0052 1C4B     		ldr	r3, .L19+4
 254 0054 1B68     		ldr	r3, [r3]
 255 0056 3221     		movs	r1, #50
 256 0058 1800     		movs	r0, r3
 257 005a FFF7FEFF 		bl	getNextIdx
 258 005e 0200     		movs	r2, r0
 259 0060 184B     		ldr	r3, .L19+4
 260 0062 1A60     		str	r2, [r3]
 261 0064 164B     		ldr	r3, .L19
 262 0066 1B68     		ldr	r3, [r3]
 263 0068 013B     		subs	r3, r3, #1
 264 006a 154A     		ldr	r2, .L19
 265 006c 1360     		str	r3, [r2]
 266 006e 002B     		cmp	r3, #0
 267 0070 01D1     		bne	.L17
 268 0072 0023     		movs	r3, #0
 269 0074 1FE0     		b	.L15
 270              	.L17:
 271 0076 134B     		ldr	r3, .L19+4
 272 0078 1B68     		ldr	r3, [r3]
 273 007a DA00     		lsls	r2, r3, #3
 274 007c 124B     		ldr	r3, .L19+8
 275 007e D318     		adds	r3, r2, r3
 276 0080 FB60     		str	r3, [r7, #12]
 277 0082 FB68     		ldr	r3, [r7, #12]
 278 0084 1A68     		ldr	r2, [r3]
 279 0086 FB68     		ldr	r3, [r7, #12]
 280 0088 5B68     		ldr	r3, [r3, #4]
 281 008a D218     		adds	r2, r2, r3
 282 008c 0B21     		movs	r1, #11
 283 008e 7B18     		adds	r3, r7, r1
 284 0090 1278     		ldrb	r2, [r2]
 285 0092 1A70     		strb	r2, [r3]
 286 0094 0A00     		movs	r2, r1
 287 0096 BB18     		adds	r3, r7, r2
 288 0098 1B78     		ldrb	r3, [r3]
 289 009a 002B     		cmp	r3, #0
 290 009c 0AD0     		beq	.L18
 291 009e 7B68     		ldr	r3, [r7, #4]
 292 00a0 BA18     		adds	r2, r7, r2
 293 00a2 1278     		ldrb	r2, [r2]
 294 00a4 1A70     		strb	r2, [r3]
 295 00a6 FB68     		ldr	r3, [r7, #12]
 296 00a8 5B68     		ldr	r3, [r3, #4]
 297 00aa 5A1C     		adds	r2, r3, #1
 298 00ac FB68     		ldr	r3, [r7, #12]
 299 00ae 5A60     		str	r2, [r3, #4]
 300 00b0 0123     		movs	r3, #1
 301 00b2 00E0     		b	.L15
 302              	.L18:
 303 00b4 0023     		movs	r3, #0
 304              	.L15:
 305 00b6 1800     		movs	r0, r3
 306 00b8 BD46     		mov	sp, r7
 307 00ba 04B0     		add	sp, sp, #16
 308              		@ sp needed
 309 00bc 80BD     		pop	{r7, pc}
 310              	.L20:
 311 00be C046     		.align	2
 312              	.L19:
 313 00c0 00000000 		.word	txJobNum
 314 00c4 00000000 		.word	txJobOut
 315 00c8 00000000 		.word	txJobs
 317              		.section	.text.setTxJob,"ax",%progbits
 318              		.align	1
 319              		.global	setTxJob
 320              		.syntax unified
 321              		.code	16
 322              		.thumb_func
 323              		.fpu softvfp
 325              	setTxJob:
 326              		@ args = 0, pretend = 0, frame = 16
 327              		@ frame_needed = 1, uses_anonymous_args = 0
 328 0000 90B5     		push	{r4, r7, lr}
 329 0002 85B0     		sub	sp, sp, #20
 330 0004 00AF     		add	r7, sp, #0
 331 0006 7860     		str	r0, [r7, #4]
 332 0008 1C4B     		ldr	r3, .L24
 333 000a 1B68     		ldr	r3, [r3]
 334 000c 1A68     		ldr	r2, [r3]
 335 000e 0F24     		movs	r4, #15
 336 0010 3B19     		adds	r3, r7, r4
 337 0012 1A70     		strb	r2, [r3]
 338 0014 1A4B     		ldr	r3, .L24+4
 339 0016 1B68     		ldr	r3, [r3]
 340 0018 0022     		movs	r2, #0
 341 001a 1A60     		str	r2, [r3]
 342 001c 194B     		ldr	r3, .L24+8
 343 001e 1A68     		ldr	r2, [r3]
 344 0020 194B     		ldr	r3, .L24+12
 345 0022 D200     		lsls	r2, r2, #3
 346 0024 7968     		ldr	r1, [r7, #4]
 347 0026 D150     		str	r1, [r2, r3]
 348 0028 164B     		ldr	r3, .L24+8
 349 002a 1B68     		ldr	r3, [r3]
 350 002c 164A     		ldr	r2, .L24+12
 351 002e DB00     		lsls	r3, r3, #3
 352 0030 D318     		adds	r3, r2, r3
 353 0032 0433     		adds	r3, r3, #4
 354 0034 0022     		movs	r2, #0
 355 0036 1A60     		str	r2, [r3]
 356 0038 144B     		ldr	r3, .L24+16
 357 003a 1B68     		ldr	r3, [r3]
 358 003c 5A1C     		adds	r2, r3, #1
 359 003e 134B     		ldr	r3, .L24+16
 360 0040 1A60     		str	r2, [r3]
 361 0042 104B     		ldr	r3, .L24+8
 362 0044 1B68     		ldr	r3, [r3]
 363 0046 3221     		movs	r1, #50
 364 0048 1800     		movs	r0, r3
 365 004a FFF7FEFF 		bl	getNextIdx
 366 004e 0200     		movs	r2, r0
 367 0050 0C4B     		ldr	r3, .L24+8
 368 0052 1A60     		str	r2, [r3]
 369 0054 3B19     		adds	r3, r7, r4
 370 0056 3A19     		adds	r2, r7, r4
 371 0058 1278     		ldrb	r2, [r2]
 372 005a 1021     		movs	r1, #16
 373 005c 0A40     		ands	r2, r1
 374 005e 1A70     		strb	r2, [r3]
 375 0060 074B     		ldr	r3, .L24+4
 376 0062 1B68     		ldr	r3, [r3]
 377 0064 1022     		movs	r2, #16
 378 0066 1A60     		str	r2, [r3]
 379 0068 084B     		ldr	r3, .L24+16
 380 006a 1B68     		ldr	r3, [r3]
 381 006c 012B     		cmp	r3, #1
 382 006e 01D1     		bne	.L23
 383 0070 FFF7FEFF 		bl	uartl_send
 384              	.L23:
 385 0074 C046     		nop
 386 0076 BD46     		mov	sp, r7
 387 0078 05B0     		add	sp, sp, #20
 388              		@ sp needed
 389 007a 90BD     		pop	{r4, r7, pc}
 390              	.L25:
 391              		.align	2
 392              	.L24:
 393 007c 00000000 		.word	uartl_sr
 394 0080 00000000 		.word	uartl_cr
 395 0084 00000000 		.word	txJobIn
 396 0088 00000000 		.word	txJobs
 397 008c 00000000 		.word	txJobNum
 399              		.section	.text.uartl_init,"ax",%progbits
 400              		.align	1
 401              		.global	uartl_init
 402              		.syntax unified
 403              		.code	16
 404              		.thumb_func
 405              		.fpu softvfp
 407              	uartl_init:
 408              		@ args = 0, pretend = 0, frame = 8
 409              		@ frame_needed = 1, uses_anonymous_args = 0
 410 0000 80B5     		push	{r7, lr}
 411 0002 82B0     		sub	sp, sp, #8
 412 0004 00AF     		add	r7, sp, #0
 413 0006 134B     		ldr	r3, .L29
 414 0008 1B68     		ldr	r3, [r3]
 415 000a 0322     		movs	r2, #3
 416 000c 1A60     		str	r2, [r3]
 417 000e 124B     		ldr	r3, .L29+4
 418 0010 0022     		movs	r2, #0
 419 0012 1A60     		str	r2, [r3]
 420 0014 114B     		ldr	r3, .L29+8
 421 0016 0022     		movs	r2, #0
 422 0018 1A60     		str	r2, [r3]
 423 001a 114B     		ldr	r3, .L29+12
 424 001c 0022     		movs	r2, #0
 425 001e 1A60     		str	r2, [r3]
 426 0020 0023     		movs	r3, #0
 427 0022 7B60     		str	r3, [r7, #4]
 428 0024 0EE0     		b	.L27
 429              	.L28:
 430 0026 0F4B     		ldr	r3, .L29+16
 431 0028 7A68     		ldr	r2, [r7, #4]
 432 002a D200     		lsls	r2, r2, #3
 433 002c 0021     		movs	r1, #0
 434 002e D150     		str	r1, [r2, r3]
 435 0030 0C4A     		ldr	r2, .L29+16
 436 0032 7B68     		ldr	r3, [r7, #4]
 437 0034 DB00     		lsls	r3, r3, #3
 438 0036 D318     		adds	r3, r2, r3
 439 0038 0433     		adds	r3, r3, #4
 440 003a 0022     		movs	r2, #0
 441 003c 1A60     		str	r2, [r3]
 442 003e 7B68     		ldr	r3, [r7, #4]
 443 0040 0133     		adds	r3, r3, #1
 444 0042 7B60     		str	r3, [r7, #4]
 445              	.L27:
 446 0044 7B68     		ldr	r3, [r7, #4]
 447 0046 312B     		cmp	r3, #49
 448 0048 EDD9     		bls	.L28
 449 004a C046     		nop
 450 004c C046     		nop
 451 004e BD46     		mov	sp, r7
 452 0050 02B0     		add	sp, sp, #8
 453              		@ sp needed
 454 0052 80BD     		pop	{r7, pc}
 455              	.L30:
 456              		.align	2
 457              	.L29:
 458 0054 00000000 		.word	uartl_cr
 459 0058 00000000 		.word	txJobIn
 460 005c 00000000 		.word	txJobOut
 461 0060 00000000 		.word	txJobNum
 462 0064 00000000 		.word	txJobs
 464              		.section	.text.uartl_reset_fifos,"ax",%progbits
 465              		.align	1
 466              		.global	uartl_reset_fifos
 467              		.syntax unified
 468              		.code	16
 469              		.thumb_func
 470              		.fpu softvfp
 472              	uartl_reset_fifos:
 473              		@ args = 0, pretend = 0, frame = 8
 474              		@ frame_needed = 1, uses_anonymous_args = 0
 475 0000 80B5     		push	{r7, lr}
 476 0002 82B0     		sub	sp, sp, #8
 477 0004 00AF     		add	r7, sp, #0
 478 0006 0F4B     		ldr	r3, .L32
 479 0008 1B68     		ldr	r3, [r3]
 480 000a 1A68     		ldr	r2, [r3]
 481 000c FB1D     		adds	r3, r7, #7
 482 000e 1A70     		strb	r2, [r3]
 483 0010 FB1D     		adds	r3, r7, #7
 484 0012 FA1D     		adds	r2, r7, #7
 485 0014 1278     		ldrb	r2, [r2]
 486 0016 1021     		movs	r1, #16
 487 0018 0A40     		ands	r2, r1
 488 001a 1A70     		strb	r2, [r3]
 489 001c FB1D     		adds	r3, r7, #7
 490 001e FA1D     		adds	r2, r7, #7
 491 0020 1278     		ldrb	r2, [r2]
 492 0022 0321     		movs	r1, #3
 493 0024 0A43     		orrs	r2, r1
 494 0026 1A70     		strb	r2, [r3]
 495 0028 074B     		ldr	r3, .L32+4
 496 002a 1B68     		ldr	r3, [r3]
 497 002c FA1D     		adds	r2, r7, #7
 498 002e 1278     		ldrb	r2, [r2]
 499 0030 1A60     		str	r2, [r3]
 500 0032 044B     		ldr	r3, .L32
 501 0034 1B68     		ldr	r3, [r3]
 502 0036 1A68     		ldr	r2, [r3]
 503 0038 FB1D     		adds	r3, r7, #7
 504 003a 1A70     		strb	r2, [r3]
 505 003c C046     		nop
 506 003e BD46     		mov	sp, r7
 507 0040 02B0     		add	sp, sp, #8
 508              		@ sp needed
 509 0042 80BD     		pop	{r7, pc}
 510              	.L33:
 511              		.align	2
 512              	.L32:
 513 0044 00000000 		.word	uartl_sr
 514 0048 00000000 		.word	uartl_cr
 516              		.section	.text.uartl_send,"ax",%progbits
 517              		.align	1
 518              		.syntax unified
 519              		.code	16
 520              		.thumb_func
 521              		.fpu softvfp
 523              	uartl_send:
 524              		@ args = 0, pretend = 0, frame = 8
 525              		@ frame_needed = 1, uses_anonymous_args = 0
 526 0000 80B5     		push	{r7, lr}
 527 0002 82B0     		sub	sp, sp, #8
 528 0004 00AF     		add	r7, sp, #0
 529 0006 184B     		ldr	r3, .L38
 530 0008 1B68     		ldr	r3, [r3]
 531 000a 1A68     		ldr	r2, [r3]
 532 000c FB1D     		adds	r3, r7, #7
 533 000e 1A70     		strb	r2, [r3]
 534 0010 164B     		ldr	r3, .L38+4
 535 0012 1B68     		ldr	r3, [r3]
 536 0014 0022     		movs	r2, #0
 537 0016 1A60     		str	r2, [r3]
 538 0018 BB1D     		adds	r3, r7, #6
 539 001a FA1D     		adds	r2, r7, #7
 540 001c 1278     		ldrb	r2, [r2]
 541 001e 1A70     		strb	r2, [r3]
 542 0020 09E0     		b	.L35
 543              	.L37:
 544 0022 7B1D     		adds	r3, r7, #5
 545 0024 1A78     		ldrb	r2, [r3]
 546 0026 124B     		ldr	r3, .L38+8
 547 0028 1B68     		ldr	r3, [r3]
 548 002a 1A60     		str	r2, [r3]
 549 002c 0E4B     		ldr	r3, .L38
 550 002e 1B68     		ldr	r3, [r3]
 551 0030 1A68     		ldr	r2, [r3]
 552 0032 FB1D     		adds	r3, r7, #7
 553 0034 1A70     		strb	r2, [r3]
 554              	.L35:
 555 0036 FB1D     		adds	r3, r7, #7
 556 0038 1B78     		ldrb	r3, [r3]
 557 003a 0822     		movs	r2, #8
 558 003c 1340     		ands	r3, r2
 559 003e 05D1     		bne	.L36
 560 0040 7B1D     		adds	r3, r7, #5
 561 0042 1800     		movs	r0, r3
 562 0044 FFF7FEFF 		bl	getTxByte
 563 0048 031E     		subs	r3, r0, #0
 564 004a EAD1     		bne	.L37
 565              	.L36:
 566 004c BB1D     		adds	r3, r7, #6
 567 004e BA1D     		adds	r2, r7, #6
 568 0050 1278     		ldrb	r2, [r2]
 569 0052 1021     		movs	r1, #16
 570 0054 0A40     		ands	r2, r1
 571 0056 1A70     		strb	r2, [r3]
 572 0058 044B     		ldr	r3, .L38+4
 573 005a 1B68     		ldr	r3, [r3]
 574 005c 1022     		movs	r2, #16
 575 005e 1A60     		str	r2, [r3]
 576 0060 C046     		nop
 577 0062 BD46     		mov	sp, r7
 578 0064 02B0     		add	sp, sp, #8
 579              		@ sp needed
 580 0066 80BD     		pop	{r7, pc}
 581              	.L39:
 582              		.align	2
 583              	.L38:
 584 0068 00000000 		.word	uartl_sr
 585 006c 00000000 		.word	uartl_cr
 586 0070 00000000 		.word	uartl_tx
 588              		.section	.text.uartl_receive,"ax",%progbits
 589              		.align	1
 590              		.global	uartl_receive
 591              		.syntax unified
 592              		.code	16
 593              		.thumb_func
 594              		.fpu softvfp
 596              	uartl_receive:
 597              		@ args = 0, pretend = 0, frame = 0
 598              		@ frame_needed = 1, uses_anonymous_args = 0
 599 0000 80B5     		push	{r7, lr}
 600 0002 00AF     		add	r7, sp, #0
 601 0004 C046     		nop
 602 0006 BD46     		mov	sp, r7
 603              		@ sp needed
 604 0008 80BD     		pop	{r7, pc}
 606              		.section	.text.uartl_intEnable,"ax",%progbits
 607              		.align	1
 608              		.global	uartl_intEnable
 609              		.syntax unified
 610              		.code	16
 611              		.thumb_func
 612              		.fpu softvfp
 614              	uartl_intEnable:
 615              		@ args = 0, pretend = 0, frame = 0
 616              		@ frame_needed = 1, uses_anonymous_args = 0
 617 0000 80B5     		push	{r7, lr}
 618 0002 00AF     		add	r7, sp, #0
 619 0004 034B     		ldr	r3, .L42
 620 0006 1B68     		ldr	r3, [r3]
 621 0008 1022     		movs	r2, #16
 622 000a 1A60     		str	r2, [r3]
 623 000c C046     		nop
 624 000e BD46     		mov	sp, r7
 625              		@ sp needed
 626 0010 80BD     		pop	{r7, pc}
 627              	.L43:
 628 0012 C046     		.align	2
 629              	.L42:
 630 0014 00000000 		.word	uartl_cr
 632              		.section	.text.uartl_intDisable,"ax",%progbits
 633              		.align	1
 634              		.global	uartl_intDisable
 635              		.syntax unified
 636              		.code	16
 637              		.thumb_func
 638              		.fpu softvfp
 640              	uartl_intDisable:
 641              		@ args = 0, pretend = 0, frame = 0
 642              		@ frame_needed = 1, uses_anonymous_args = 0
 643 0000 80B5     		push	{r7, lr}
 644 0002 00AF     		add	r7, sp, #0
 645 0004 034B     		ldr	r3, .L45
 646 0006 1B68     		ldr	r3, [r3]
 647 0008 0022     		movs	r2, #0
 648 000a 1A60     		str	r2, [r3]
 649 000c C046     		nop
 650 000e BD46     		mov	sp, r7
 651              		@ sp needed
 652 0010 80BD     		pop	{r7, pc}
 653              	.L46:
 654 0012 C046     		.align	2
 655              	.L45:
 656 0014 00000000 		.word	uartl_cr
 658              		.section	.bss.irqCnt,"aw",%nobits
 659              		.align	2
 662              	irqCnt:
 663 0000 00000000 		.space	4
 664              		.section	.text.uart0IrqHandler,"ax",%progbits
 665              		.align	1
 666              		.global	uart0IrqHandler
 667              		.syntax unified
 668              		.code	16
 669              		.thumb_func
 670              		.fpu softvfp
 672              	uart0IrqHandler:
 673              		@ args = 0, pretend = 0, frame = 8
 674              		@ frame_needed = 1, uses_anonymous_args = 0
 675 0000 80B5     		push	{r7, lr}
 676 0002 82B0     		sub	sp, sp, #8
 677 0004 00AF     		add	r7, sp, #0
 678 0006 174B     		ldr	r3, .L50
 679 0008 1B68     		ldr	r3, [r3]
 680 000a 1A68     		ldr	r2, [r3]
 681 000c FB1D     		adds	r3, r7, #7
 682 000e 1A70     		strb	r2, [r3]
 683 0010 154B     		ldr	r3, .L50+4
 684 0012 1B68     		ldr	r3, [r3]
 685 0014 5A1C     		adds	r2, r3, #1
 686 0016 FF32     		adds	r2, r2, #255
 687 0018 134B     		ldr	r3, .L50+4
 688 001a 1A60     		str	r2, [r3]
 689 001c FB1D     		adds	r3, r7, #7
 690 001e 1B78     		ldrb	r3, [r3]
 691 0020 0322     		movs	r2, #3
 692 0022 1340     		ands	r3, r2
 693 0024 08D0     		beq	.L48
 694 0026 FFF7FEFF 		bl	uartl_receive
 695 002a 0F4B     		ldr	r3, .L50+4
 696 002c 1B68     		ldr	r3, [r3]
 697 002e 8022     		movs	r2, #128
 698 0030 5202     		lsls	r2, r2, #9
 699 0032 9A18     		adds	r2, r3, r2
 700 0034 0C4B     		ldr	r3, .L50+4
 701 0036 1A60     		str	r2, [r3]
 702              	.L48:
 703 0038 FB1D     		adds	r3, r7, #7
 704 003a 1B78     		ldrb	r3, [r3]
 705 003c 0422     		movs	r2, #4
 706 003e 1340     		ands	r3, r2
 707 0040 08D0     		beq	.L49
 708 0042 FFF7FEFF 		bl	uartl_send
 709 0046 084B     		ldr	r3, .L50+4
 710 0048 1B68     		ldr	r3, [r3]
 711 004a 8022     		movs	r2, #128
 712 004c 5204     		lsls	r2, r2, #17
 713 004e 9A18     		adds	r2, r3, r2
 714 0050 054B     		ldr	r3, .L50+4
 715 0052 1A60     		str	r2, [r3]
 716              	.L49:
 717 0054 0320     		movs	r0, #3
 718 0056 FFF7FEFF 		bl	NVIC_ClearPendingIRQ
 719 005a C046     		nop
 720 005c BD46     		mov	sp, r7
 721 005e 02B0     		add	sp, sp, #8
 722              		@ sp needed
 723 0060 80BD     		pop	{r7, pc}
 724              	.L51:
 725 0062 C046     		.align	2
 726              	.L50:
 727 0064 00000000 		.word	uartl_sr
 728 0068 00000000 		.word	irqCnt
 730              		.section	.bss.printBuf,"aw",%nobits
 731              		.align	2
 734              	printBuf:
 735 0000 00000000 		.space	500
 735      00000000 
 735      00000000 
 735      00000000 
 735      00000000 
 736              		.section	.data.prnBufPtr,"aw"
 737              		.align	2
 740              	prnBufPtr:
 741 0000 00000000 		.word	printBuf
 742              		.section	.text.uartl_print_s,"ax",%progbits
 743              		.align	1
 744              		.global	uartl_print_s
 745              		.syntax unified
 746              		.code	16
 747              		.thumb_func
 748              		.fpu softvfp
 750              	uartl_print_s:
 751              		@ args = 0, pretend = 0, frame = 8
 752              		@ frame_needed = 1, uses_anonymous_args = 0
 753 0000 80B5     		push	{r7, lr}
 754 0002 82B0     		sub	sp, sp, #8
 755 0004 00AF     		add	r7, sp, #0
 756 0006 7860     		str	r0, [r7, #4]
 757 0008 7B68     		ldr	r3, [r7, #4]
 758 000a 1800     		movs	r0, r3
 759 000c FFF7FEFF 		bl	setTxJob
 760 0010 C046     		nop
 761 0012 BD46     		mov	sp, r7
 762 0014 02B0     		add	sp, sp, #8
 763              		@ sp needed
 764 0016 80BD     		pop	{r7, pc}
 766              		.section	.text.uartl_print_s1u,"ax",%progbits
 767              		.align	1
 768              		.global	uartl_print_s1u
 769              		.syntax unified
 770              		.code	16
 771              		.thumb_func
 772              		.fpu softvfp
 774              	uartl_print_s1u:
 775              		@ args = 0, pretend = 0, frame = 32
 776              		@ frame_needed = 1, uses_anonymous_args = 0
 777 0000 80B5     		push	{r7, lr}
 778 0002 88B0     		sub	sp, sp, #32
 779 0004 00AF     		add	r7, sp, #0
 780 0006 7860     		str	r0, [r7, #4]
 781 0008 3960     		str	r1, [r7]
 782 000a 7B68     		ldr	r3, [r7, #4]
 783 000c 1800     		movs	r0, r3
 784 000e FFF7FEFF 		bl	setTxJob
 785 0012 304B     		ldr	r3, .L61
 786 0014 1A68     		ldr	r2, [r3]
 787 0016 304B     		ldr	r3, .L61+4
 788 0018 D31A     		subs	r3, r2, r3
 789 001a 1A00     		movs	r2, r3
 790 001c FA23     		movs	r3, #250
 791 001e 5B00     		lsls	r3, r3, #1
 792 0020 9B1A     		subs	r3, r3, r2
 793 0022 7B61     		str	r3, [r7, #20]
 794 0024 7B69     		ldr	r3, [r7, #20]
 795 0026 082B     		cmp	r3, #8
 796 0028 02DC     		bgt	.L54
 797 002a 2A4B     		ldr	r3, .L61
 798 002c 2A4A     		ldr	r2, .L61+4
 799 002e 1A60     		str	r2, [r3]
 800              	.L54:
 801 0030 284B     		ldr	r3, .L61
 802 0032 1B68     		ldr	r3, [r3]
 803 0034 3B61     		str	r3, [r7, #16]
 804 0036 0023     		movs	r3, #0
 805 0038 BB61     		str	r3, [r7, #24]
 806 003a 0023     		movs	r3, #0
 807 003c FB61     		str	r3, [r7, #28]
 808 003e 36E0     		b	.L55
 809              	.L60:
 810 0040 FB69     		ldr	r3, [r7, #28]
 811 0042 0722     		movs	r2, #7
 812 0044 D31A     		subs	r3, r2, r3
 813 0046 9B00     		lsls	r3, r3, #2
 814 0048 3A68     		ldr	r2, [r7]
 815 004a DA40     		lsrs	r2, r2, r3
 816 004c 1300     		movs	r3, r2
 817 004e DAB2     		uxtb	r2, r3
 818 0050 0F20     		movs	r0, #15
 819 0052 3B18     		adds	r3, r7, r0
 820 0054 0F21     		movs	r1, #15
 821 0056 0A40     		ands	r2, r1
 822 0058 1A70     		strb	r2, [r3]
 823 005a 0200     		movs	r2, r0
 824 005c BB18     		adds	r3, r7, r2
 825 005e 1B78     		ldrb	r3, [r3]
 826 0060 002B     		cmp	r3, #0
 827 0062 17D0     		beq	.L56
 828 0064 0123     		movs	r3, #1
 829 0066 BB61     		str	r3, [r7, #24]
 830 0068 BB18     		adds	r3, r7, r2
 831 006a 1B78     		ldrb	r3, [r3]
 832 006c 092B     		cmp	r3, #9
 833 006e 04D8     		bhi	.L57
 834 0070 BB18     		adds	r3, r7, r2
 835 0072 1B78     		ldrb	r3, [r3]
 836 0074 3033     		adds	r3, r3, #48
 837 0076 D9B2     		uxtb	r1, r3
 838 0078 04E0     		b	.L58
 839              	.L57:
 840 007a 0F23     		movs	r3, #15
 841 007c FB18     		adds	r3, r7, r3
 842 007e 1B78     		ldrb	r3, [r3]
 843 0080 5733     		adds	r3, r3, #87
 844 0082 D9B2     		uxtb	r1, r3
 845              	.L58:
 846 0084 134B     		ldr	r3, .L61
 847 0086 1B68     		ldr	r3, [r3]
 848 0088 581C     		adds	r0, r3, #1
 849 008a 124A     		ldr	r2, .L61
 850 008c 1060     		str	r0, [r2]
 851 008e 0A1C     		adds	r2, r1, #0
 852 0090 1A70     		strb	r2, [r3]
 853 0092 09E0     		b	.L59
 854              	.L56:
 855 0094 BB69     		ldr	r3, [r7, #24]
 856 0096 002B     		cmp	r3, #0
 857 0098 06D0     		beq	.L59
 858 009a 0E4B     		ldr	r3, .L61
 859 009c 1B68     		ldr	r3, [r3]
 860 009e 591C     		adds	r1, r3, #1
 861 00a0 0C4A     		ldr	r2, .L61
 862 00a2 1160     		str	r1, [r2]
 863 00a4 3022     		movs	r2, #48
 864 00a6 1A70     		strb	r2, [r3]
 865              	.L59:
 866 00a8 FB69     		ldr	r3, [r7, #28]
 867 00aa 0133     		adds	r3, r3, #1
 868 00ac FB61     		str	r3, [r7, #28]
 869              	.L55:
 870 00ae FB69     		ldr	r3, [r7, #28]
 871 00b0 072B     		cmp	r3, #7
 872 00b2 C5DD     		ble	.L60
 873 00b4 074B     		ldr	r3, .L61
 874 00b6 1B68     		ldr	r3, [r3]
 875 00b8 591C     		adds	r1, r3, #1
 876 00ba 064A     		ldr	r2, .L61
 877 00bc 1160     		str	r1, [r2]
 878 00be 0022     		movs	r2, #0
 879 00c0 1A70     		strb	r2, [r3]
 880 00c2 3B69     		ldr	r3, [r7, #16]
 881 00c4 1800     		movs	r0, r3
 882 00c6 FFF7FEFF 		bl	setTxJob
 883 00ca C046     		nop
 884 00cc BD46     		mov	sp, r7
 885 00ce 08B0     		add	sp, sp, #32
 886              		@ sp needed
 887 00d0 80BD     		pop	{r7, pc}
 888              	.L62:
 889 00d2 C046     		.align	2
 890              	.L61:
 891 00d4 00000000 		.word	prnBufPtr
 892 00d8 00000000 		.word	printBuf
 894              		.section	.text.uartl_print_u8buf,"ax",%progbits
 895              		.align	1
 896              		.global	uartl_print_u8buf
 897              		.syntax unified
 898              		.code	16
 899              		.thumb_func
 900              		.fpu softvfp
 902              	uartl_print_u8buf:
 903              		@ args = 0, pretend = 0, frame = 32
 904              		@ frame_needed = 1, uses_anonymous_args = 0
 905 0000 80B5     		push	{r7, lr}
 906 0002 88B0     		sub	sp, sp, #32
 907 0004 00AF     		add	r7, sp, #0
 908 0006 7860     		str	r0, [r7, #4]
 909 0008 3960     		str	r1, [r7]
 910 000a 3A4B     		ldr	r3, .L71
 911 000c 1A68     		ldr	r2, [r3]
 912 000e 3A4B     		ldr	r3, .L71+4
 913 0010 D31A     		subs	r3, r2, r3
 914 0012 1A00     		movs	r2, r3
 915 0014 FA23     		movs	r3, #250
 916 0016 5B00     		lsls	r3, r3, #1
 917 0018 9B1A     		subs	r3, r3, r2
 918 001a BB61     		str	r3, [r7, #24]
 919 001c BA69     		ldr	r2, [r7, #24]
 920 001e 3B68     		ldr	r3, [r7]
 921 0020 9A42     		cmp	r2, r3
 922 0022 02DA     		bge	.L64
 923 0024 334B     		ldr	r3, .L71
 924 0026 344A     		ldr	r2, .L71+4
 925 0028 1A60     		str	r2, [r3]
 926              	.L64:
 927 002a 324B     		ldr	r3, .L71
 928 002c 1B68     		ldr	r3, [r3]
 929 002e 7B61     		str	r3, [r7, #20]
 930 0030 0023     		movs	r3, #0
 931 0032 3B61     		str	r3, [r7, #16]
 932 0034 0023     		movs	r3, #0
 933 0036 FB61     		str	r3, [r7, #28]
 934 0038 48E0     		b	.L65
 935              	.L70:
 936 003a 7B68     		ldr	r3, [r7, #4]
 937 003c 5A1C     		adds	r2, r3, #1
 938 003e 7A60     		str	r2, [r7, #4]
 939 0040 0F20     		movs	r0, #15
 940 0042 3A18     		adds	r2, r7, r0
 941 0044 1B78     		ldrb	r3, [r3]
 942 0046 1370     		strb	r3, [r2]
 943 0048 0E21     		movs	r1, #14
 944 004a 7B18     		adds	r3, r7, r1
 945 004c 3A18     		adds	r2, r7, r0
 946 004e 1278     		ldrb	r2, [r2]
 947 0050 1209     		lsrs	r2, r2, #4
 948 0052 1A70     		strb	r2, [r3]
 949 0054 7B18     		adds	r3, r7, r1
 950 0056 1B78     		ldrb	r3, [r3]
 951 0058 092B     		cmp	r3, #9
 952 005a 04D8     		bhi	.L66
 953 005c 7B18     		adds	r3, r7, r1
 954 005e 1B78     		ldrb	r3, [r3]
 955 0060 3033     		adds	r3, r3, #48
 956 0062 D9B2     		uxtb	r1, r3
 957 0064 04E0     		b	.L67
 958              	.L66:
 959 0066 0E23     		movs	r3, #14
 960 0068 FB18     		adds	r3, r7, r3
 961 006a 1B78     		ldrb	r3, [r3]
 962 006c 5733     		adds	r3, r3, #87
 963 006e D9B2     		uxtb	r1, r3
 964              	.L67:
 965 0070 204B     		ldr	r3, .L71
 966 0072 1B68     		ldr	r3, [r3]
 967 0074 581C     		adds	r0, r3, #1
 968 0076 1F4A     		ldr	r2, .L71
 969 0078 1060     		str	r0, [r2]
 970 007a 0A1C     		adds	r2, r1, #0
 971 007c 1A70     		strb	r2, [r3]
 972 007e 0E20     		movs	r0, #14
 973 0080 3B18     		adds	r3, r7, r0
 974 0082 0F22     		movs	r2, #15
 975 0084 BA18     		adds	r2, r7, r2
 976 0086 1278     		ldrb	r2, [r2]
 977 0088 0F21     		movs	r1, #15
 978 008a 0A40     		ands	r2, r1
 979 008c 1A70     		strb	r2, [r3]
 980 008e 3B18     		adds	r3, r7, r0
 981 0090 1B78     		ldrb	r3, [r3]
 982 0092 092B     		cmp	r3, #9
 983 0094 04D8     		bhi	.L68
 984 0096 3B18     		adds	r3, r7, r0
 985 0098 1B78     		ldrb	r3, [r3]
 986 009a 3033     		adds	r3, r3, #48
 987 009c D9B2     		uxtb	r1, r3
 988 009e 04E0     		b	.L69
 989              	.L68:
 990 00a0 0E23     		movs	r3, #14
 991 00a2 FB18     		adds	r3, r7, r3
 992 00a4 1B78     		ldrb	r3, [r3]
 993 00a6 5733     		adds	r3, r3, #87
 994 00a8 D9B2     		uxtb	r1, r3
 995              	.L69:
 996 00aa 124B     		ldr	r3, .L71
 997 00ac 1B68     		ldr	r3, [r3]
 998 00ae 581C     		adds	r0, r3, #1
 999 00b0 104A     		ldr	r2, .L71
 1000 00b2 1060     		str	r0, [r2]
 1001 00b4 0A1C     		adds	r2, r1, #0
 1002 00b6 1A70     		strb	r2, [r3]
 1003 00b8 0E4B     		ldr	r3, .L71
 1004 00ba 1B68     		ldr	r3, [r3]
 1005 00bc 591C     		adds	r1, r3, #1
 1006 00be 0D4A     		ldr	r2, .L71
 1007 00c0 1160     		str	r1, [r2]
 1008 00c2 2022     		movs	r2, #32
 1009 00c4 1A70     		strb	r2, [r3]
 1010 00c6 FB69     		ldr	r3, [r7, #28]
 1011 00c8 0133     		adds	r3, r3, #1
 1012 00ca FB61     		str	r3, [r7, #28]
 1013              	.L65:
 1014 00cc FA69     		ldr	r2, [r7, #28]
 1015 00ce 3B68     		ldr	r3, [r7]
 1016 00d0 9A42     		cmp	r2, r3
 1017 00d2 B2DB     		blt	.L70
 1018 00d4 074B     		ldr	r3, .L71
 1019 00d6 1B68     		ldr	r3, [r3]
 1020 00d8 591C     		adds	r1, r3, #1
 1021 00da 064A     		ldr	r2, .L71
 1022 00dc 1160     		str	r1, [r2]
 1023 00de 0022     		movs	r2, #0
 1024 00e0 1A70     		strb	r2, [r3]
 1025 00e2 7B69     		ldr	r3, [r7, #20]
 1026 00e4 1800     		movs	r0, r3
 1027 00e6 FFF7FEFF 		bl	setTxJob
 1028 00ea C046     		nop
 1029 00ec BD46     		mov	sp, r7
 1030 00ee 08B0     		add	sp, sp, #32
 1031              		@ sp needed
 1032 00f0 80BD     		pop	{r7, pc}
 1033              	.L72:
 1034 00f2 C046     		.align	2
 1035              	.L71:
 1036 00f4 00000000 		.word	prnBufPtr
 1037 00f8 00000000 		.word	printBuf
 1039              		.section	.bss.buf1,"aw",%nobits
 1040              		.align	2
 1043              	buf1:
 1044 0000 00000000 		.space	96
 1044      00000000 
 1044      00000000 
 1044      00000000 
 1044      00000000 
 1045              		.section	.bss.buf2,"aw",%nobits
 1046              		.align	2
 1049              	buf2:
 1050 0000 00000000 		.space	96
 1050      00000000 
 1050      00000000 
 1050      00000000 
 1050      00000000 
 1051              		.section	.bss.buf3,"aw",%nobits
 1052              		.align	2
 1055              	buf3:
 1056 0000 00000000 		.space	96
 1056      00000000 
 1056      00000000 
 1056      00000000 
 1056      00000000 
 1057              		.section	.rodata
 1058              		.align	2
 1059              	.LC30:
 1060 0000 0A0D4163 		.ascii	"\012\015Acesta este un text for test\000"
 1060      65737461 
 1060      20657374 
 1060      6520756E 
 1060      20746578 
 1061 001f 00       		.align	2
 1062              	.LC32:
 1063 0020 0A0D4163 		.ascii	"\012\015Acesta este un text + u32 \000"
 1063      65737461 
 1063      20657374 
 1063      6520756E 
 1063      20746578 
 1064              		.section	.text.uartApp,"ax",%progbits
 1065              		.align	1
 1066              		.global	uartApp
 1067              		.syntax unified
 1068              		.code	16
 1069              		.thumb_func
 1070              		.fpu softvfp
 1072              	uartApp:
 1073              		@ args = 0, pretend = 0, frame = 8
 1074              		@ frame_needed = 1, uses_anonymous_args = 0
 1075 0000 80B5     		push	{r7, lr}
 1076 0002 82B0     		sub	sp, sp, #8
 1077 0004 00AF     		add	r7, sp, #0
 1078 0006 0023     		movs	r3, #0
 1079 0008 7B60     		str	r3, [r7, #4]
 1080 000a 1DE0     		b	.L74
 1081              	.L75:
 1082 000c 7B68     		ldr	r3, [r7, #4]
 1083 000e DBB2     		uxtb	r3, r3
 1084 0010 4133     		adds	r3, r3, #65
 1085 0012 D9B2     		uxtb	r1, r3
 1086 0014 2C4A     		ldr	r2, .L77
 1087 0016 7B68     		ldr	r3, [r7, #4]
 1088 0018 D318     		adds	r3, r2, r3
 1089 001a 0A1C     		adds	r2, r1, #0
 1090 001c 1A70     		strb	r2, [r3]
 1091 001e 7B68     		ldr	r3, [r7, #4]
 1092 0020 DBB2     		uxtb	r3, r3
 1093 0022 3433     		adds	r3, r3, #52
 1094 0024 D9B2     		uxtb	r1, r3
 1095 0026 294A     		ldr	r2, .L77+4
 1096 0028 7B68     		ldr	r3, [r7, #4]
 1097 002a D318     		adds	r3, r2, r3
 1098 002c 0A1C     		adds	r2, r1, #0
 1099 002e 1A70     		strb	r2, [r3]
 1100 0030 7B68     		ldr	r3, [r7, #4]
 1101 0032 DBB2     		uxtb	r3, r3
 1102 0034 2033     		adds	r3, r3, #32
 1103 0036 D9B2     		uxtb	r1, r3
 1104 0038 254A     		ldr	r2, .L77+8
 1105 003a 7B68     		ldr	r3, [r7, #4]
 1106 003c D318     		adds	r3, r2, r3
 1107 003e 0A1C     		adds	r2, r1, #0
 1108 0040 1A70     		strb	r2, [r3]
 1109 0042 7B68     		ldr	r3, [r7, #4]
 1110 0044 0133     		adds	r3, r3, #1
 1111 0046 7B60     		str	r3, [r7, #4]
 1112              	.L74:
 1113 0048 7B68     		ldr	r3, [r7, #4]
 1114 004a 272B     		cmp	r3, #39
 1115 004c DEDD     		ble	.L75
 1116 004e 1E4B     		ldr	r3, .L77
 1117 0050 2822     		movs	r2, #40
 1118 0052 0021     		movs	r1, #0
 1119 0054 9954     		strb	r1, [r3, r2]
 1120 0056 1D4B     		ldr	r3, .L77+4
 1121 0058 2822     		movs	r2, #40
 1122 005a 0021     		movs	r1, #0
 1123 005c 9954     		strb	r1, [r3, r2]
 1124 005e 1C4B     		ldr	r3, .L77+8
 1125 0060 2822     		movs	r2, #40
 1126 0062 0021     		movs	r1, #0
 1127 0064 9954     		strb	r1, [r3, r2]
 1128 0066 FFF7FEFF 		bl	NVIC_ClearAllPendingIRQ
 1129 006a FFF7FEFF 		bl	uartl_init
 1130 006e 0320     		movs	r0, #3
 1131 0070 FFF7FEFF 		bl	NVIC_EnableIRQ
 1132 0074 FFF7FEFF 		bl	uartl_intEnable
 1133 0078 164B     		ldr	r3, .L77+12
 1134 007a 1B68     		ldr	r3, [r3]
 1135 007c 1A68     		ldr	r2, [r3]
 1136 007e FB1C     		adds	r3, r7, #3
 1137 0080 1A70     		strb	r2, [r3]
 1138 0082 114B     		ldr	r3, .L77
 1139 0084 1800     		movs	r0, r3
 1140 0086 FFF7FEFF 		bl	setTxJob
 1141 008a 104B     		ldr	r3, .L77+4
 1142 008c 1800     		movs	r0, r3
 1143 008e FFF7FEFF 		bl	setTxJob
 1144 0092 0F4B     		ldr	r3, .L77+8
 1145 0094 1800     		movs	r0, r3
 1146 0096 FFF7FEFF 		bl	setTxJob
 1147 009a 0F4B     		ldr	r3, .L77+16
 1148 009c 1800     		movs	r0, r3
 1149 009e FFF7FEFF 		bl	uartl_print_s
 1150 00a2 0E4A     		ldr	r2, .L77+20
 1151 00a4 0E4B     		ldr	r3, .L77+24
 1152 00a6 1100     		movs	r1, r2
 1153 00a8 1800     		movs	r0, r3
 1154 00aa FFF7FEFF 		bl	uartl_print_s1u
 1155 00ae 0D4A     		ldr	r2, .L77+28
 1156 00b0 0B4B     		ldr	r3, .L77+24
 1157 00b2 1100     		movs	r1, r2
 1158 00b4 1800     		movs	r0, r3
 1159 00b6 FFF7FEFF 		bl	uartl_print_s1u
 1160 00ba 084A     		ldr	r2, .L77+20
 1161 00bc 084B     		ldr	r3, .L77+24
 1162 00be 1100     		movs	r1, r2
 1163 00c0 1800     		movs	r0, r3
 1164 00c2 FFF7FEFF 		bl	uartl_print_s1u
 1165              	.L76:
 1166 00c6 FEE7     		b	.L76
 1167              	.L78:
 1168              		.align	2
 1169              	.L77:
 1170 00c8 00000000 		.word	buf1
 1171 00cc 00000000 		.word	buf2
 1172 00d0 00000000 		.word	buf3
 1173 00d4 00000000 		.word	uartl_sr
 1174 00d8 00000000 		.word	.LC30
 1175 00dc 45230100 		.word	74565
 1176 00e0 20000000 		.word	.LC32
 1177 00e4 01EFCDAB 		.word	-1412567295
 1179              		.ident	"GCC: (GNU Tools for Arm Embedded Processors 9-2019-q4-major) 9.2.1 20191025 (release) [ARM
DEFINED SYMBOLS
                            *ABS*:00000000 uart.c
C:\Users\george\AppData\Local\Temp\ccnNFl02.s:14     .text.NVIC_EnableIRQ:00000000 $t
C:\Users\george\AppData\Local\Temp\ccnNFl02.s:21     .text.NVIC_EnableIRQ:00000000 NVIC_EnableIRQ
C:\Users\george\AppData\Local\Temp\ccnNFl02.s:47     .text.NVIC_EnableIRQ:00000028 $d
C:\Users\george\AppData\Local\Temp\ccnNFl02.s:50     .text.NVIC_ClearPendingIRQ:00000000 $t
C:\Users\george\AppData\Local\Temp\ccnNFl02.s:56     .text.NVIC_ClearPendingIRQ:00000000 NVIC_ClearPendingIRQ
C:\Users\george\AppData\Local\Temp\ccnNFl02.s:86     .text.NVIC_ClearPendingIRQ:00000030 $d
C:\Users\george\AppData\Local\Temp\ccnNFl02.s:89     .text.NVIC_ClearAllPendingIRQ:00000000 $t
C:\Users\george\AppData\Local\Temp\ccnNFl02.s:95     .text.NVIC_ClearAllPendingIRQ:00000000 NVIC_ClearAllPendingIRQ
C:\Users\george\AppData\Local\Temp\ccnNFl02.s:113    .text.NVIC_ClearAllPendingIRQ:00000018 $d
C:\Users\george\AppData\Local\Temp\ccnNFl02.s:120    .data.uartl_rx:00000000 uartl_rx
C:\Users\george\AppData\Local\Temp\ccnNFl02.s:117    .data.uartl_rx:00000000 $d
C:\Users\george\AppData\Local\Temp\ccnNFl02.s:127    .data.uartl_tx:00000000 uartl_tx
C:\Users\george\AppData\Local\Temp\ccnNFl02.s:124    .data.uartl_tx:00000000 $d
C:\Users\george\AppData\Local\Temp\ccnNFl02.s:134    .data.uartl_sr:00000000 uartl_sr
C:\Users\george\AppData\Local\Temp\ccnNFl02.s:131    .data.uartl_sr:00000000 $d
C:\Users\george\AppData\Local\Temp\ccnNFl02.s:141    .data.uartl_cr:00000000 uartl_cr
C:\Users\george\AppData\Local\Temp\ccnNFl02.s:138    .data.uartl_cr:00000000 $d
C:\Users\george\AppData\Local\Temp\ccnNFl02.s:144    .bss.txJobs:00000000 $d
C:\Users\george\AppData\Local\Temp\ccnNFl02.s:147    .bss.txJobs:00000000 txJobs
C:\Users\george\AppData\Local\Temp\ccnNFl02.s:150    .bss.txJobIn:00000000 $d
C:\Users\george\AppData\Local\Temp\ccnNFl02.s:153    .bss.txJobIn:00000000 txJobIn
C:\Users\george\AppData\Local\Temp\ccnNFl02.s:156    .bss.txJobOut:00000000 $d
C:\Users\george\AppData\Local\Temp\ccnNFl02.s:159    .bss.txJobOut:00000000 txJobOut
C:\Users\george\AppData\Local\Temp\ccnNFl02.s:162    .bss.txJobNum:00000000 $d
C:\Users\george\AppData\Local\Temp\ccnNFl02.s:165    .bss.txJobNum:00000000 txJobNum
C:\Users\george\AppData\Local\Temp\ccnNFl02.s:168    .text.getNextIdx:00000000 $t
C:\Users\george\AppData\Local\Temp\ccnNFl02.s:174    .text.getNextIdx:00000000 getNextIdx
C:\Users\george\AppData\Local\Temp\ccnNFl02.s:201    .text.getTxByte:00000000 $t
C:\Users\george\AppData\Local\Temp\ccnNFl02.s:207    .text.getTxByte:00000000 getTxByte
C:\Users\george\AppData\Local\Temp\ccnNFl02.s:313    .text.getTxByte:000000c0 $d
C:\Users\george\AppData\Local\Temp\ccnNFl02.s:318    .text.setTxJob:00000000 $t
C:\Users\george\AppData\Local\Temp\ccnNFl02.s:325    .text.setTxJob:00000000 setTxJob
C:\Users\george\AppData\Local\Temp\ccnNFl02.s:523    .text.uartl_send:00000000 uartl_send
C:\Users\george\AppData\Local\Temp\ccnNFl02.s:393    .text.setTxJob:0000007c $d
C:\Users\george\AppData\Local\Temp\ccnNFl02.s:400    .text.uartl_init:00000000 $t
C:\Users\george\AppData\Local\Temp\ccnNFl02.s:407    .text.uartl_init:00000000 uartl_init
C:\Users\george\AppData\Local\Temp\ccnNFl02.s:458    .text.uartl_init:00000054 $d
C:\Users\george\AppData\Local\Temp\ccnNFl02.s:465    .text.uartl_reset_fifos:00000000 $t
C:\Users\george\AppData\Local\Temp\ccnNFl02.s:472    .text.uartl_reset_fifos:00000000 uartl_reset_fifos
C:\Users\george\AppData\Local\Temp\ccnNFl02.s:513    .text.uartl_reset_fifos:00000044 $d
C:\Users\george\AppData\Local\Temp\ccnNFl02.s:517    .text.uartl_send:00000000 $t
C:\Users\george\AppData\Local\Temp\ccnNFl02.s:584    .text.uartl_send:00000068 $d
C:\Users\george\AppData\Local\Temp\ccnNFl02.s:589    .text.uartl_receive:00000000 $t
C:\Users\george\AppData\Local\Temp\ccnNFl02.s:596    .text.uartl_receive:00000000 uartl_receive
C:\Users\george\AppData\Local\Temp\ccnNFl02.s:607    .text.uartl_intEnable:00000000 $t
C:\Users\george\AppData\Local\Temp\ccnNFl02.s:614    .text.uartl_intEnable:00000000 uartl_intEnable
C:\Users\george\AppData\Local\Temp\ccnNFl02.s:630    .text.uartl_intEnable:00000014 $d
C:\Users\george\AppData\Local\Temp\ccnNFl02.s:633    .text.uartl_intDisable:00000000 $t
C:\Users\george\AppData\Local\Temp\ccnNFl02.s:640    .text.uartl_intDisable:00000000 uartl_intDisable
C:\Users\george\AppData\Local\Temp\ccnNFl02.s:656    .text.uartl_intDisable:00000014 $d
C:\Users\george\AppData\Local\Temp\ccnNFl02.s:659    .bss.irqCnt:00000000 $d
C:\Users\george\AppData\Local\Temp\ccnNFl02.s:662    .bss.irqCnt:00000000 irqCnt
C:\Users\george\AppData\Local\Temp\ccnNFl02.s:665    .text.uart0IrqHandler:00000000 $t
C:\Users\george\AppData\Local\Temp\ccnNFl02.s:672    .text.uart0IrqHandler:00000000 uart0IrqHandler
C:\Users\george\AppData\Local\Temp\ccnNFl02.s:727    .text.uart0IrqHandler:00000064 $d
C:\Users\george\AppData\Local\Temp\ccnNFl02.s:731    .bss.printBuf:00000000 $d
C:\Users\george\AppData\Local\Temp\ccnNFl02.s:734    .bss.printBuf:00000000 printBuf
C:\Users\george\AppData\Local\Temp\ccnNFl02.s:737    .data.prnBufPtr:00000000 $d
C:\Users\george\AppData\Local\Temp\ccnNFl02.s:740    .data.prnBufPtr:00000000 prnBufPtr
C:\Users\george\AppData\Local\Temp\ccnNFl02.s:743    .text.uartl_print_s:00000000 $t
C:\Users\george\AppData\Local\Temp\ccnNFl02.s:750    .text.uartl_print_s:00000000 uartl_print_s
C:\Users\george\AppData\Local\Temp\ccnNFl02.s:767    .text.uartl_print_s1u:00000000 $t
C:\Users\george\AppData\Local\Temp\ccnNFl02.s:774    .text.uartl_print_s1u:00000000 uartl_print_s1u
C:\Users\george\AppData\Local\Temp\ccnNFl02.s:891    .text.uartl_print_s1u:000000d4 $d
C:\Users\george\AppData\Local\Temp\ccnNFl02.s:895    .text.uartl_print_u8buf:00000000 $t
C:\Users\george\AppData\Local\Temp\ccnNFl02.s:902    .text.uartl_print_u8buf:00000000 uartl_print_u8buf
C:\Users\george\AppData\Local\Temp\ccnNFl02.s:1036   .text.uartl_print_u8buf:000000f4 $d
C:\Users\george\AppData\Local\Temp\ccnNFl02.s:1040   .bss.buf1:00000000 $d
C:\Users\george\AppData\Local\Temp\ccnNFl02.s:1043   .bss.buf1:00000000 buf1
C:\Users\george\AppData\Local\Temp\ccnNFl02.s:1046   .bss.buf2:00000000 $d
C:\Users\george\AppData\Local\Temp\ccnNFl02.s:1049   .bss.buf2:00000000 buf2
C:\Users\george\AppData\Local\Temp\ccnNFl02.s:1052   .bss.buf3:00000000 $d
C:\Users\george\AppData\Local\Temp\ccnNFl02.s:1055   .bss.buf3:00000000 buf3
C:\Users\george\AppData\Local\Temp\ccnNFl02.s:1058   .rodata:00000000 $d
C:\Users\george\AppData\Local\Temp\ccnNFl02.s:1065   .text.uartApp:00000000 $t
C:\Users\george\AppData\Local\Temp\ccnNFl02.s:1072   .text.uartApp:00000000 uartApp
C:\Users\george\AppData\Local\Temp\ccnNFl02.s:1170   .text.uartApp:000000c8 $d

NO UNDEFINED SYMBOLS
