   1              		.cpu cortex-m1
   2              		.eabi_attribute 20, 1
   3              		.eabi_attribute 21, 1
   4              		.eabi_attribute 23, 3
   5              		.eabi_attribute 24, 1
   6              		.eabi_attribute 25, 1
   7              		.eabi_attribute 26, 1
   8              		.eabi_attribute 30, 6
   9              		.eabi_attribute 34, 0
  10              		.eabi_attribute 18, 4
  11              		.file	"xgpio_g.c"
  12              		.text
  13              		.global	XGpio_ConfigTable
  14              		.section	.data.XGpio_ConfigTable,"aw"
  15              		.align	2
  18              	XGpio_ConfigTable:
  19 0000 0000     		.short	0
  20 0002 0000     		.space	2
  21 0004 00000040 		.word	1073741824
  22 0008 00000000 		.word	0
  23 000c 00000000 		.word	0
  24 0010 0100     		.short	1
  25 0012 0000     		.space	2
  26 0014 00000140 		.word	1073807360
  27 0018 00000000 		.word	0
  28 001c 00000000 		.word	0
  29              		.ident	"GCC: (GNU Tools for Arm Embedded Processors 9-2019-q4-major) 9.2.1 20191025 (release) [ARM
DEFINED SYMBOLS
                            *ABS*:00000000 xgpio_g.c
C:\Users\jl241\AppData\Local\Temp\cc77ICqu.s:18     .data.XGpio_ConfigTable:00000000 XGpio_ConfigTable
C:\Users\jl241\AppData\Local\Temp\cc77ICqu.s:15     .data.XGpio_ConfigTable:00000000 $d

NO UNDEFINED SYMBOLS
